{"meta": {"format": 3, "version": "7.12.0", "timestamp": "2025-11-29T06:49:02.672031", "branch_coverage": true, "show_contexts": false}, "files": {"src\\agent\\prompts.py": {"executed_lines": [1, 9, 10, 16, 132, 233, 251, 274, 295, 319, 332, 341, 347, 353, 365, 381, 390, 412], "summary": {"covered_lines": 17, "num_statements": 21, "percent_covered": 80.95238095238095, "percent_covered_display": "80.95", "missing_lines": 4, "excluded_lines": 0, "percent_statements_covered": 80.95238095238095, "percent_statements_covered_display": "80.95", "num_branches": 0, "num_partial_branches": 0, "covered_branches": 0, "missing_branches": 0, "percent_branches_covered": 100.0, "percent_branches_covered_display": "100.00"}, "missing_lines": [359, 371, 404, 405], "excluded_lines": [], "executed_branches": [], "missing_branches": [], "functions": {"get_agent_prompt": {"executed_lines": [332], "summary": {"covered_lines": 1, "num_statements": 1, "percent_covered": 100.0, "percent_covered_display": "100.00", "missing_lines": 0, "excluded_lines": 0, "percent_statements_covered": 100.0, "percent_statements_covered_display": "100.00", "num_branches": 0, "num_partial_branches": 0, "covered_branches": 0, "missing_branches": 0, "percent_branches_covered": 100.0, "percent_branches_covered_display": "100.00"}, "missing_lines": [], "excluded_lines": [], "executed_branches": [], "missing_branches": []}, "get_classification_prompt": {"executed_lines": [347], "summary": {"covered_lines": 1, "num_statements": 1, "percent_covered": 100.0, "percent_covered_display": "100.00", "missing_lines": 0, "excluded_lines": 0, "percent_statements_covered": 100.0, "percent_statements_covered_display": "100.00", "num_branches": 0, "num_partial_branches": 0, "covered_branches": 0, "missing_branches": 0, "percent_branches_covered": 100.0, "percent_branches_covered_display": "100.00"}, "missing_lines": [], "excluded_lines": [], "executed_branches": [], "missing_branches": []}, "get_planning_prompt": {"executed_lines": [], "summary": {"covered_lines": 0, "num_statements": 1, "percent_covered": 0.0, "percent_covered_display": "0.00", "missing_lines": 1, "excluded_lines": 0, "percent_statements_covered": 0.0, "percent_statements_covered_display": "0.00", "num_branches": 0, "num_partial_branches": 0, "covered_branches": 0, "missing_branches": 0, "percent_branches_covered": 100.0, "percent_branches_covered_display": "100.00"}, "missing_lines": [359], "excluded_lines": [], "executed_branches": [], "missing_branches": []}, "get_synthesis_prompt": {"executed_lines": [], "summary": {"covered_lines": 0, "num_statements": 1, "percent_covered": 0.0, "percent_covered_display": "0.00", "missing_lines": 1, "excluded_lines": 0, "percent_statements_covered": 0.0, "percent_statements_covered_display": "0.00", "num_branches": 0, "num_partial_branches": 0, "covered_branches": 0, "missing_branches": 0, "percent_branches_covered": 100.0, "percent_branches_covered_display": "100.00"}, "missing_lines": [371], "excluded_lines": [], "executed_branches": [], "missing_branches": []}, "get_error_message": {"executed_lines": [], "summary": {"covered_lines": 0, "num_statements": 2, "percent_covered": 0.0, "percent_covered_display": "0.00", "missing_lines": 2, "excluded_lines": 0, "percent_statements_covered": 0.0, "percent_statements_covered_display": "0.00", "num_branches": 0, "num_partial_branches": 0, "covered_branches": 0, "missing_branches": 0, "percent_branches_covered": 100.0, "percent_branches_covered_display": "100.00"}, "missing_lines": [404, 405], "excluded_lines": [], "executed_branches": [], "missing_branches": []}, "": {"executed_lines": [1, 9, 10, 16, 132, 233, 251, 274, 295, 319, 341, 353, 365, 381, 390, 412], "summary": {"covered_lines": 15, "num_statements": 15, "percent_covered": 100.0, "percent_covered_display": "100.00", "missing_lines": 0, "excluded_lines": 0, "percent_statements_covered": 100.0, "percent_statements_covered_display": "100.00", "num_branches": 0, "num_partial_branches": 0, "covered_branches": 0, "missing_branches": 0, "percent_branches_covered": 100.0, "percent_branches_covered_display": "100.00"}, "missing_lines": [], "excluded_lines": [], "executed_branches": [], "missing_branches": []}}, "classes": {"": {"executed_lines": [1, 9, 10, 16, 132, 233, 251, 274, 295, 319, 332, 341, 347, 353, 365, 381, 390, 412], "summary": {"covered_lines": 17, "num_statements": 21, "percent_covered": 80.95238095238095, "percent_covered_display": "80.95", "missing_lines": 4, "excluded_lines": 0, "percent_statements_covered": 80.95238095238095, "percent_statements_covered_display": "80.95", "num_branches": 0, "num_partial_branches": 0, "covered_branches": 0, "missing_branches": 0, "percent_branches_covered": 100.0, "percent_branches_covered_display": "100.00"}, "missing_lines": [359, 371, 404, 405], "excluded_lines": [], "executed_branches": [], "missing_branches": []}}}, "src\\agent\\reasoning_chain.py": {"executed_lines": [1, 7, 8, 9, 10, 11, 12, 13, 15, 18, 19, 30, 31, 32, 34, 41, 44, 52, 53, 62, 63, 64, 65, 68, 69, 70, 82, 83, 84, 85, 86, 87, 88, 90, 92, 105, 106, 107, 119, 120, 121, 122, 123, 124, 125, 127, 129, 145, 146, 148, 151, 152, 154, 157, 158, 160, 168, 169, 179, 180, 181, 182, 183, 191, 192, 221, 241, 242, 244, 245, 246, 247, 248, 251, 252, 253, 256, 257, 259, 264, 266, 272, 277, 279, 282, 283, 284, 285, 286, 287, 289, 298, 303, 305, 306, 309, 311, 330, 336, 348, 351, 353, 354, 357, 358, 359, 360, 365, 366, 368, 371, 372, 373, 374, 375, 376, 377, 378, 381, 384, 386, 390, 393, 404, 420, 421, 423, 427, 440, 441, 443, 447, 458, 460, 461, 463, 467, 469, 479, 480, 482, 483, 486, 493, 494, 495, 496, 498, 500, 545, 566, 569, 570, 573, 580, 581, 582, 583, 586, 587, 590, 597, 601, 603, 808, 813, 814, 815, 817, 829, 833, 835, 847, 901, 902, 905, 906, 908, 914, 916, 917, 919, 925, 928, 946, 953, 954, 956, 964, 965, 966, 969, 1071], "summary": {"covered_lines": 181, "num_statements": 353, "percent_covered": 46.75052410901468, "percent_covered_display": "46.75", "missing_lines": 172, "excluded_lines": 9, "percent_statements_covered": 51.274787535410766, "percent_statements_covered_display": "51.27", "num_branches": 124, "num_partial_branches": 14, "covered_branches": 42, "missing_branches": 82, "percent_branches_covered": 33.87096774193548, "percent_branches_covered_display": "33.87"}, "missing_lines": [20, 21, 23, 24, 25, 28, 29, 267, 291, 299, 316, 318, 325, 332, 333, 334, 367, 424, 444, 464, 511, 512, 514, 515, 517, 518, 519, 527, 529, 535, 537, 538, 539, 543, 598, 640, 642, 644, 645, 646, 647, 648, 655, 656, 657, 658, 659, 662, 665, 666, 667, 668, 669, 670, 671, 672, 675, 678, 679, 681, 686, 690, 691, 692, 700, 703, 706, 707, 708, 710, 711, 714, 719, 724, 725, 727, 728, 731, 732, 734, 735, 736, 737, 738, 739, 744, 745, 747, 748, 749, 751, 752, 753, 754, 756, 757, 758, 759, 762, 763, 766, 769, 772, 777, 780, 781, 784, 793, 797, 799, 800, 801, 929, 932, 935, 937, 943, 957, 958, 978, 980, 981, 982, 983, 986, 988, 989, 990, 991, 992, 995, 996, 998, 999, 1002, 1003, 1006, 1008, 1009, 1011, 1012, 1017, 1023, 1024, 1025, 1026, 1029, 1030, 1032, 1033, 1034, 1036, 1037, 1039, 1040, 1042, 1044, 1045, 1046, 1047, 1050, 1051, 1052, 1054, 1055, 1056, 1057, 1059, 1060, 1062, 1063, 1064], "excluded_lines": [833, 834, 835, 836, 837, 838, 839, 1071, 1073], "executed_branches": [[241, 242], [241, 244], [266, -264], [283, 284], [284, 285], [285, 286], [289, 298], [298, 303], [309, 311], [366, 368], [371, 372], [371, 373], [373, 374], [373, 375], [375, 376], [375, 377], [377, 378], [377, 381], [423, 427], [443, 447], [463, 467], [479, 480], [479, 482], [482, 483], [482, 486], [493, 494], [493, 498], [494, 493], [494, 495], [569, 570], [569, 573], [580, 581], [582, 583], [582, 586], [586, 587], [586, 590], [597, 601], [905, 906], [905, 916], [916, 917], [916, 928], [928, 946]], "missing_branches": [[266, 267], [283, 289], [284, 283], [285, 283], [289, 291], [298, 299], [309, 316], [316, 318], [316, 325], [366, 367], [423, 424], [443, 444], [463, 464], [514, 515], [514, 537], [515, 517], [515, 529], [517, 514], [517, 518], [529, 514], [529, 535], [537, 538], [537, 543], [538, 539], [538, 543], [580, 586], [597, 598], [646, 647], [646, 655], [666, 667], [666, 675], [668, 669], [668, 670], [670, 671], [670, 672], [707, 708], [707, 731], [708, 707], [708, 710], [719, 724], [719, 727], [727, 707], [727, 728], [731, 732], [731, 744], [732, 734], [732, 744], [735, 736], [735, 738], [736, 735], [736, 737], [738, 739], [738, 744], [744, 745], [744, 769], [745, 747], [745, 766], [748, 749], [748, 756], [749, 748], [749, 751], [752, 753], [752, 754], [756, 757], [756, 762], [758, 759], [758, 769], [928, 929], [988, 989], [988, 995], [998, 999], [998, 1006], [1024, 1025], [1024, 1026], [1032, 1033], [1032, 1036], [1036, 1037], [1036, 1039], [1054, 1055], [1054, 1059], [1056, 1057], [1056, 1059]], "functions": {"ReasoningStep.to_dict": {"executed_lines": [92], "summary": {"covered_lines": 1, "num_statements": 1, "percent_covered": 100.0, "percent_covered_display": "100.00", "missing_lines": 0, "excluded_lines": 0, "percent_statements_covered": 100.0, "percent_statements_covered_display": "100.00", "num_branches": 0, "num_partial_branches": 0, "covered_branches": 0, "missing_branches": 0, "percent_branches_covered": 100.0, "percent_branches_covered_display": "100.00"}, "missing_lines": [], "excluded_lines": [], "executed_branches": [], "missing_branches": []}, "AgentResult.to_dict": {"executed_lines": [129], "summary": {"covered_lines": 1, "num_statements": 1, "percent_covered": 100.0, "percent_covered_display": "100.00", "missing_lines": 0, "excluded_lines": 0, "percent_statements_covered": 100.0, "percent_statements_covered_display": "100.00", "num_branches": 0, "num_partial_branches": 0, "covered_branches": 0, "missing_branches": 0, "percent_branches_covered": 100.0, "percent_branches_covered_display": "100.00"}, "missing_lines": [], "excluded_lines": [], "executed_branches": [], "missing_branches": []}, "MLPatrolAgent.__init__": {"executed_lines": [241, 242, 244, 245, 246, 247, 248, 251, 252, 253, 256, 257, 259], "summary": {"covered_lines": 13, "num_statements": 13, "percent_covered": 100.0, "percent_covered_display": "100.00", "missing_lines": 0, "excluded_lines": 0, "percent_statements_covered": 100.0, "percent_statements_covered_display": "100.00", "num_branches": 2, "num_partial_branches": 0, "covered_branches": 2, "missing_branches": 0, "percent_branches_covered": 100.0, "percent_branches_covered_display": "100.00"}, "missing_lines": [], "excluded_lines": [], "executed_branches": [[241, 242], [241, 244]], "missing_branches": []}, "MLPatrolAgent._setup_logging": {"executed_lines": [266], "summary": {"covered_lines": 1, "num_statements": 2, "percent_covered": 50.0, "percent_covered_display": "50.00", "missing_lines": 1, "excluded_lines": 0, "percent_statements_covered": 50.0, "percent_statements_covered_display": "50.00", "num_branches": 2, "num_partial_branches": 1, "covered_branches": 1, "missing_branches": 1, "percent_branches_covered": 50.0, "percent_branches_covered_display": "50.00"}, "missing_lines": [267], "excluded_lines": [], "executed_branches": [[266, -264]], "missing_branches": [[266, 267]]}, "MLPatrolAgent._setup_agent": {"executed_lines": [277, 279, 282, 283, 284, 285, 286, 287, 289, 298, 303, 305, 306, 309, 311, 330], "summary": {"covered_lines": 16, "num_statements": 24, "percent_covered": 57.89473684210526, "percent_covered_display": "57.89", "missing_lines": 8, "excluded_lines": 0, "percent_statements_covered": 66.66666666666667, "percent_statements_covered_display": "66.67", "num_branches": 14, "num_partial_branches": 6, "covered_branches": 6, "missing_branches": 8, "percent_branches_covered": 42.857142857142854, "percent_branches_covered_display": "42.86"}, "missing_lines": [291, 299, 316, 318, 325, 332, 333, 334], "excluded_lines": [], "executed_branches": [[283, 284], [284, 285], [285, 286], [289, 298], [298, 303], [309, 311]], "missing_branches": [[283, 289], [284, 283], [285, 283], [289, 291], [298, 299], [309, 316], [316, 318], [316, 325]]}, "MLPatrolAgent.analyze_query": {"executed_lines": [348, 351, 353, 354, 357, 358, 359, 360, 365, 366, 368, 371, 372, 373, 374, 375, 376, 377, 378, 381, 384], "summary": {"covered_lines": 21, "num_statements": 22, "percent_covered": 93.75, "percent_covered_display": "93.75", "missing_lines": 1, "excluded_lines": 0, "percent_statements_covered": 95.45454545454545, "percent_statements_covered_display": "95.45", "num_branches": 10, "num_partial_branches": 1, "covered_branches": 9, "missing_branches": 1, "percent_branches_covered": 90.0, "percent_branches_covered_display": "90.00"}, "missing_lines": [367], "excluded_lines": [], "executed_branches": [[366, 368], [371, 372], [371, 373], [373, 374], [373, 375], [375, 376], [375, 377], [377, 378], [377, 381]], "missing_branches": [[366, 367]]}, "MLPatrolAgent._analyze_query_regex": {"executed_lines": [390, 393, 404, 420, 421, 423, 427, 440, 441, 443, 447, 458, 460, 461, 463, 467], "summary": {"covered_lines": 16, "num_statements": 19, "percent_covered": 76.0, "percent_covered_display": "76.00", "missing_lines": 3, "excluded_lines": 0, "percent_statements_covered": 84.21052631578948, "percent_statements_covered_display": "84.21", "num_branches": 6, "num_partial_branches": 3, "covered_branches": 3, "missing_branches": 3, "percent_branches_covered": 50.0, "percent_branches_covered_display": "50.00"}, "missing_lines": [424, 444, 464], "excluded_lines": [], "executed_branches": [[423, 427], [443, 447], [463, 467]], "missing_branches": [[423, 424], [443, 444], [463, 464]]}, "MLPatrolAgent._validate_query": {"executed_lines": [479, 480, 482, 483, 486, 493, 494, 495, 496, 498], "summary": {"covered_lines": 10, "num_statements": 10, "percent_covered": 100.0, "percent_covered_display": "100.00", "missing_lines": 0, "excluded_lines": 0, "percent_statements_covered": 100.0, "percent_statements_covered_display": "100.00", "num_branches": 8, "num_partial_branches": 0, "covered_branches": 8, "missing_branches": 0, "percent_branches_covered": 100.0, "percent_branches_covered_display": "100.00"}, "missing_lines": [], "excluded_lines": [], "executed_branches": [[479, 480], [479, 482], [482, 483], [482, 486], [493, 494], [493, 498], [494, 493], [494, 495]], "missing_branches": []}, "MLPatrolAgent._extract_reasoning_steps": {"executed_lines": [], "summary": {"covered_lines": 0, "num_statements": 14, "percent_covered": 0.0, "percent_covered_display": "0.00", "missing_lines": 14, "excluded_lines": 0, "percent_statements_covered": 0.0, "percent_statements_covered_display": "0.00", "num_branches": 12, "num_partial_branches": 0, "covered_branches": 0, "missing_branches": 12, "percent_branches_covered": 0.0, "percent_branches_covered_display": "0.00"}, "missing_lines": [511, 512, 514, 515, 517, 518, 519, 527, 529, 535, 537, 538, 539, 543], "excluded_lines": [], "executed_branches": [], "missing_branches": [[514, 515], [514, 537], [515, 517], [515, 529], [517, 514], [517, 518], [529, 514], [529, 535], [537, 538], [537, 543], [538, 539], [538, 543]]}, "MLPatrolAgent._calculate_confidence": {"executed_lines": [566, 569, 570, 573, 580, 581, 582, 583, 586, 587, 590, 597, 601], "summary": {"covered_lines": 13, "num_statements": 14, "percent_covered": 87.5, "percent_covered_display": "87.50", "missing_lines": 1, "excluded_lines": 0, "percent_statements_covered": 92.85714285714286, "percent_statements_covered_display": "92.86", "num_branches": 10, "num_partial_branches": 2, "covered_branches": 8, "missing_branches": 2, "percent_branches_covered": 80.0, "percent_branches_covered_display": "80.00"}, "missing_lines": [598], "excluded_lines": [], "executed_branches": [[569, 570], [569, 573], [580, 581], [582, 583], [582, 586], [586, 587], [586, 590], [597, 601]], "missing_branches": [[580, 586], [597, 598]]}, "MLPatrolAgent.run": {"executed_lines": [], "summary": {"covered_lines": 0, "num_statements": 77, "percent_covered": 0.0, "percent_covered_display": "0.00", "missing_lines": 77, "excluded_lines": 0, "percent_statements_covered": 0.0, "percent_statements_covered_display": "0.00", "num_branches": 40, "num_partial_branches": 0, "covered_branches": 0, "missing_branches": 40, "percent_branches_covered": 0.0, "percent_branches_covered_display": "0.00"}, "missing_lines": [640, 642, 644, 645, 646, 647, 648, 655, 656, 657, 658, 659, 662, 665, 666, 667, 668, 669, 670, 671, 672, 675, 678, 679, 681, 686, 690, 691, 692, 700, 703, 706, 707, 708, 710, 711, 714, 719, 724, 725, 727, 728, 731, 732, 734, 735, 736, 737, 738, 739, 744, 745, 747, 748, 749, 751, 752, 753, 754, 756, 757, 758, 759, 762, 763, 766, 769, 772, 777, 780, 781, 784, 793, 797, 799, 800, 801], "excluded_lines": [], "executed_branches": [], "missing_branches": [[646, 647], [646, 655], [666, 667], [666, 675], [668, 669], [668, 670], [670, 671], [670, 672], [707, 708], [707, 731], [708, 707], [708, 710], [719, 724], [719, 727], [727, 707], [727, 728], [731, 732], [731, 744], [732, 734], [732, 744], [735, 736], [735, 738], [736, 735], [736, 737], [738, 739], [738, 744], [744, 745], [744, 769], [745, 747], [745, 766], [748, 749], [748, 756], [749, 748], [749, 751], [752, 753], [752, 754], [756, 757], [756, 762], [758, 759], [758, 769]]}, "MLPatrolAgent.clear_history": {"executed_lines": [813, 814, 815], "summary": {"covered_lines": 3, "num_statements": 3, "percent_covered": 100.0, "percent_covered_display": "100.00", "missing_lines": 0, "excluded_lines": 0, "percent_statements_covered": 100.0, "percent_statements_covered_display": "100.00", "num_branches": 0, "num_partial_branches": 0, "covered_branches": 0, "missing_branches": 0, "percent_branches_covered": 100.0, "percent_branches_covered_display": "100.00"}, "missing_lines": [], "excluded_lines": [], "executed_branches": [], "missing_branches": []}, "MLPatrolAgent.get_tool_info": {"executed_lines": [829], "summary": {"covered_lines": 1, "num_statements": 1, "percent_covered": 100.0, "percent_covered_display": "100.00", "missing_lines": 0, "excluded_lines": 0, "percent_statements_covered": 100.0, "percent_statements_covered_display": "100.00", "num_branches": 0, "num_partial_branches": 0, "covered_branches": 0, "missing_branches": 0, "percent_branches_covered": 100.0, "percent_branches_covered_display": "100.00"}, "missing_lines": [], "excluded_lines": [], "executed_branches": [], "missing_branches": []}, "MLPatrolAgent.__repr__": {"executed_lines": [835], "summary": {"covered_lines": 0, "num_statements": 0, "percent_covered": 100.0, "percent_covered_display": "100.00", "missing_lines": 0, "excluded_lines": 6, "percent_statements_covered": 100.0, "percent_statements_covered_display": "100.00", "num_branches": 0, "num_partial_branches": 0, "covered_branches": 0, "missing_branches": 0, "percent_branches_covered": 100.0, "percent_branches_covered_display": "100.00"}, "missing_lines": [], "excluded_lines": [834, 835, 836, 837, 838, 839], "executed_branches": [], "missing_branches": []}, "create_mlpatrol_agent": {"executed_lines": [901, 902, 905, 906, 908, 914, 916, 917, 919, 925, 928, 946, 953, 954, 956, 964, 965, 966], "summary": {"covered_lines": 18, "num_statements": 25, "percent_covered": 74.19354838709677, "percent_covered_display": "74.19", "missing_lines": 7, "excluded_lines": 0, "percent_statements_covered": 72.0, "percent_statements_covered_display": "72.00", "num_branches": 6, "num_partial_branches": 1, "covered_branches": 5, "missing_branches": 1, "percent_branches_covered": 83.33333333333333, "percent_branches_covered_display": "83.33"}, "missing_lines": [929, 932, 935, 937, 943, 957, 958], "excluded_lines": [], "executed_branches": [[905, 906], [905, 916], [916, 917], [916, 928], [928, 946]], "missing_branches": [[928, 929]]}, "demo_agent": {"executed_lines": [], "summary": {"covered_lines": 0, "num_statements": 53, "percent_covered": 0.0, "percent_covered_display": "0.00", "missing_lines": 53, "excluded_lines": 0, "percent_statements_covered": 0.0, "percent_statements_covered_display": "0.00", "num_branches": 14, "num_partial_branches": 0, "covered_branches": 0, "missing_branches": 14, "percent_branches_covered": 0.0, "percent_branches_covered_display": "0.00"}, "missing_lines": [978, 980, 981, 982, 983, 986, 988, 989, 990, 991, 992, 995, 996, 998, 999, 1002, 1003, 1006, 1008, 1009, 1011, 1012, 1017, 1023, 1024, 1025, 1026, 1029, 1030, 1032, 1033, 1034, 1036, 1037, 1039, 1040, 1042, 1044, 1045, 1046, 1047, 1050, 1051, 1052, 1054, 1055, 1056, 1057, 1059, 1060, 1062, 1063, 1064], "excluded_lines": [], "executed_branches": [], "missing_branches": [[988, 989], [988, 995], [998, 999], [998, 1006], [1024, 1025], [1024, 1026], [1032, 1033], [1032, 1036], [1036, 1037], [1036, 1039], [1054, 1055], [1054, 1059], [1056, 1057], [1056, 1059]]}, "": {"executed_lines": [1, 7, 8, 9, 10, 11, 12, 13, 15, 18, 19, 30, 31, 32, 34, 41, 44, 52, 53, 62, 63, 64, 65, 68, 69, 70, 82, 83, 84, 85, 86, 87, 88, 90, 105, 106, 107, 119, 120, 121, 122, 123, 124, 125, 127, 145, 146, 148, 151, 152, 154, 157, 158, 160, 168, 169, 179, 180, 181, 182, 183, 191, 192, 221, 264, 272, 336, 386, 469, 500, 545, 603, 808, 817, 833, 847, 969, 1071], "summary": {"covered_lines": 67, "num_statements": 74, "percent_covered": 90.54054054054055, "percent_covered_display": "90.54", "missing_lines": 7, "excluded_lines": 3, "percent_statements_covered": 90.54054054054055, "percent_statements_covered_display": "90.54", "num_branches": 0, "num_partial_branches": 0, "covered_branches": 0, "missing_branches": 0, "percent_branches_covered": 100.0, "percent_branches_covered_display": "100.00"}, "missing_lines": [20, 21, 23, 24, 25, 28, 29], "excluded_lines": [833, 1071, 1073], "executed_branches": [], "missing_branches": []}}, "classes": {"QueryType": {"executed_lines": [], "summary": {"covered_lines": 0, "num_statements": 0, "percent_covered": 100.0, "percent_covered_display": "100.00", "missing_lines": 0, "excluded_lines": 0, "percent_statements_covered": 100.0, "percent_statements_covered_display": "100.00", "num_branches": 0, "num_partial_branches": 0, "covered_branches": 0, "missing_branches": 0, "percent_branches_covered": 100.0, "percent_branches_covered_display": "100.00"}, "missing_lines": [], "excluded_lines": [], "executed_branches": [], "missing_branches": []}, "ReasoningStep": {"executed_lines": [92], "summary": {"covered_lines": 1, "num_statements": 1, "percent_covered": 100.0, "percent_covered_display": "100.00", "missing_lines": 0, "excluded_lines": 0, "percent_statements_covered": 100.0, "percent_statements_covered_display": "100.00", "num_branches": 0, "num_partial_branches": 0, "covered_branches": 0, "missing_branches": 0, "percent_branches_covered": 100.0, "percent_branches_covered_display": "100.00"}, "missing_lines": [], "excluded_lines": [], "executed_branches": [], "missing_branches": []}, "AgentResult": {"executed_lines": [129], "summary": {"covered_lines": 1, "num_statements": 1, "percent_covered": 100.0, "percent_covered_display": "100.00", "missing_lines": 0, "excluded_lines": 0, "percent_statements_covered": 100.0, "percent_statements_covered_display": "100.00", "num_branches": 0, "num_partial_branches": 0, "covered_branches": 0, "missing_branches": 0, "percent_branches_covered": 100.0, "percent_branches_covered_display": "100.00"}, "missing_lines": [], "excluded_lines": [], "executed_branches": [], "missing_branches": []}, "AgentError": {"executed_lines": [], "summary": {"covered_lines": 0, "num_statements": 0, "percent_covered": 100.0, "percent_covered_display": "100.00", "missing_lines": 0, "excluded_lines": 0, "percent_statements_covered": 100.0, "percent_statements_covered_display": "100.00", "num_branches": 0, "num_partial_branches": 0, "covered_branches": 0, "missing_branches": 0, "percent_branches_covered": 100.0, "percent_branches_covered_display": "100.00"}, "missing_lines": [], "excluded_lines": [], "executed_branches": [], "missing_branches": []}, "QueryClassificationError": {"executed_lines": [], "summary": {"covered_lines": 0, "num_statements": 0, "percent_covered": 100.0, "percent_covered_display": "100.00", "missing_lines": 0, "excluded_lines": 0, "percent_statements_covered": 100.0, "percent_statements_covered_display": "100.00", "num_branches": 0, "num_partial_branches": 0, "covered_branches": 0, "missing_branches": 0, "percent_branches_covered": 100.0, "percent_branches_covered_display": "100.00"}, "missing_lines": [], "excluded_lines": [], "executed_branches": [], "missing_branches": []}, "ToolExecutionError": {"executed_lines": [], "summary": {"covered_lines": 0, "num_statements": 0, "percent_covered": 100.0, "percent_covered_display": "100.00", "missing_lines": 0, "excluded_lines": 0, "percent_statements_covered": 100.0, "percent_statements_covered_display": "100.00", "num_branches": 0, "num_partial_branches": 0, "covered_branches": 0, "missing_branches": 0, "percent_branches_covered": 100.0, "percent_branches_covered_display": "100.00"}, "missing_lines": [], "excluded_lines": [], "executed_branches": [], "missing_branches": []}, "AgentState": {"executed_lines": [], "summary": {"covered_lines": 0, "num_statements": 0, "percent_covered": 100.0, "percent_covered_display": "100.00", "missing_lines": 0, "excluded_lines": 0, "percent_statements_covered": 100.0, "percent_statements_covered_display": "100.00", "num_branches": 0, "num_partial_branches": 0, "covered_branches": 0, "missing_branches": 0, "percent_branches_covered": 100.0, "percent_branches_covered_display": "100.00"}, "missing_lines": [], "excluded_lines": [], "executed_branches": [], "missing_branches": []}, "MLPatrolAgent": {"executed_lines": [241, 242, 244, 245, 246, 247, 248, 251, 252, 253, 256, 257, 259, 266, 277, 279, 282, 283, 284, 285, 286, 287, 289, 298, 303, 305, 306, 309, 311, 330, 348, 351, 353, 354, 357, 358, 359, 360, 365, 366, 368, 371, 372, 373, 374, 375, 376, 377, 378, 381, 384, 390, 393, 404, 420, 421, 423, 427, 440, 441, 443, 447, 458, 460, 461, 463, 467, 479, 480, 482, 483, 486, 493, 494, 495, 496, 498, 566, 569, 570, 573, 580, 581, 582, 583, 586, 587, 590, 597, 601, 813, 814, 815, 829, 835], "summary": {"covered_lines": 94, "num_statements": 199, "percent_covered": 43.23432343234323, "percent_covered_display": "43.23", "missing_lines": 105, "excluded_lines": 6, "percent_statements_covered": 47.23618090452261, "percent_statements_covered_display": "47.24", "num_branches": 104, "num_partial_branches": 13, "covered_branches": 37, "missing_branches": 67, "percent_branches_covered": 35.57692307692308, "percent_branches_covered_display": "35.58"}, "missing_lines": [267, 291, 299, 316, 318, 325, 332, 333, 334, 367, 424, 444, 464, 511, 512, 514, 515, 517, 518, 519, 527, 529, 535, 537, 538, 539, 543, 598, 640, 642, 644, 645, 646, 647, 648, 655, 656, 657, 658, 659, 662, 665, 666, 667, 668, 669, 670, 671, 672, 675, 678, 679, 681, 686, 690, 691, 692, 700, 703, 706, 707, 708, 710, 711, 714, 719, 724, 725, 727, 728, 731, 732, 734, 735, 736, 737, 738, 739, 744, 745, 747, 748, 749, 751, 752, 753, 754, 756, 757, 758, 759, 762, 763, 766, 769, 772, 777, 780, 781, 784, 793, 797, 799, 800, 801], "excluded_lines": [834, 835, 836, 837, 838, 839], "executed_branches": [[241, 242], [241, 244], [266, -264], [283, 284], [284, 285], [285, 286], [289, 298], [298, 303], [309, 311], [366, 368], [371, 372], [371, 373], [373, 374], [373, 375], [375, 376], [375, 377], [377, 378], [377, 381], [423, 427], [443, 447], [463, 467], [479, 480], [479, 482], [482, 483], [482, 486], [493, 494], [493, 498], [494, 493], [494, 495], [569, 570], [569, 573], [580, 581], [582, 583], [582, 586], [586, 587], [586, 590], [597, 601]], "missing_branches": [[266, 267], [283, 289], [284, 283], [285, 283], [289, 291], [298, 299], [309, 316], [316, 318], [316, 325], [366, 367], [423, 424], [443, 444], [463, 464], [514, 515], [514, 537], [515, 517], [515, 529], [517, 514], [517, 518], [529, 514], [529, 535], [537, 538], [537, 543], [538, 539], [538, 543], [580, 586], [597, 598], [646, 647], [646, 655], [666, 667], [666, 675], [668, 669], [668, 670], [670, 671], [670, 672], [707, 708], [707, 731], [708, 707], [708, 710], [719, 724], [719, 727], [727, 707], [727, 728], [731, 732], [731, 744], [732, 734], [732, 744], [735, 736], [735, 738], [736, 735], [736, 737], [738, 739], [738, 744], [744, 745], [744, 769], [745, 747], [745, 766], [748, 749], [748, 756], [749, 748], [749, 751], [752, 753], [752, 754], [756, 757], [756, 762], [758, 759], [758, 769]]}, "": {"executed_lines": [1, 7, 8, 9, 10, 11, 12, 13, 15, 18, 19, 30, 31, 32, 34, 41, 44, 52, 53, 62, 63, 64, 65, 68, 69, 70, 82, 83, 84, 85, 86, 87, 88, 90, 105, 106, 107, 119, 120, 121, 122, 123, 124, 125, 127, 145, 146, 148, 151, 152, 154, 157, 158, 160, 168, 169, 179, 180, 181, 182, 183, 191, 192, 221, 264, 272, 336, 386, 469, 500, 545, 603, 808, 817, 833, 847, 901, 902, 905, 906, 908, 914, 916, 917, 919, 925, 928, 946, 953, 954, 956, 964, 965, 966, 969, 1071], "summary": {"covered_lines": 85, "num_statements": 152, "percent_covered": 52.325581395348834, "percent_covered_display": "52.33", "missing_lines": 67, "excluded_lines": 3, "percent_statements_covered": 55.921052631578945, "percent_statements_covered_display": "55.92", "num_branches": 20, "num_partial_branches": 1, "covered_branches": 5, "missing_branches": 15, "percent_branches_covered": 25.0, "percent_branches_covered_display": "25.00"}, "missing_lines": [20, 21, 23, 24, 25, 28, 29, 929, 932, 935, 937, 943, 957, 958, 978, 980, 981, 982, 983, 986, 988, 989, 990, 991, 992, 995, 996, 998, 999, 1002, 1003, 1006, 1008, 1009, 1011, 1012, 1017, 1023, 1024, 1025, 1026, 1029, 1030, 1032, 1033, 1034, 1036, 1037, 1039, 1040, 1042, 1044, 1045, 1046, 1047, 1050, 1051, 1052, 1054, 1055, 1056, 1057, 1059, 1060, 1062, 1063, 1064], "excluded_lines": [833, 1071, 1073], "executed_branches": [[905, 906], [905, 916], [916, 917], [916, 928], [928, 946]], "missing_branches": [[928, 929], [988, 989], [988, 995], [998, 999], [998, 1006], [1024, 1025], [1024, 1026], [1032, 1033], [1032, 1036], [1036, 1037], [1036, 1039], [1054, 1055], [1054, 1059], [1056, 1057], [1056, 1059]]}}}, "src\\agent\\tools.py": {"executed_lines": [1, 11, 12, 13, 14, 15, 16, 17, 19, 20, 21, 22, 24, 25, 29, 30, 31, 37, 41, 43, 50, 51, 52, 53, 54, 55, 56, 57, 58, 61, 68, 69, 70, 83, 84, 85, 86, 87, 88, 89, 90, 92, 106, 107, 108, 123, 124, 125, 126, 127, 128, 129, 130, 131, 132, 134, 136, 138, 140, 163, 164, 166, 169, 176, 177, 178, 187, 188, 190, 193, 198, 199, 201, 205, 210, 211, 212, 219, 220, 222, 225, 226, 229, 233, 234, 235, 242, 243, 245, 246, 250, 251, 252, 264, 328, 354, 499, 638, 714, 737, 738, 741, 742, 743, 744, 745, 748, 749, 750, 751, 752, 753, 757, 759, 760, 768, 769, 770, 776, 781, 784, 785, 786, 787, 818, 819, 820, 821, 822, 823, 824, 851, 852, 865, 866, 867, 870, 873, 879, 880, 883, 884, 886, 889, 890, 894, 895, 898, 902, 903, 906, 909, 910, 911, 912, 914, 915, 917, 918, 919, 920, 921, 925, 927, 928, 929, 930, 931, 932, 935, 940, 955, 957, 966, 995, 996, 998, 999, 1003, 1005, 1007, 1017, 1018, 1027, 1073, 1140, 1207], "summary": {"covered_lines": 179, "num_statements": 450, "percent_covered": 37.407407407407405, "percent_covered_display": "37.41", "missing_lines": 271, "excluded_lines": 2, "percent_statements_covered": 39.77777777777778, "percent_statements_covered_display": "39.78", "num_branches": 90, "num_partial_branches": 5, "covered_branches": 23, "missing_branches": 67, "percent_branches_covered": 25.555555555555557, "percent_branches_covered_display": "25.56"}, "missing_lines": [94, 180, 181, 184, 214, 215, 216, 237, 238, 239, 254, 255, 256, 285, 286, 287, 288, 290, 295, 296, 298, 299, 300, 307, 308, 309, 317, 318, 319, 337, 346, 347, 348, 349, 351, 367, 368, 369, 370, 371, 378, 380, 381, 382, 389, 390, 391, 400, 403, 405, 408, 409, 411, 420, 421, 422, 425, 434, 435, 437, 439, 441, 443, 452, 453, 459, 460, 462, 463, 464, 465, 467, 468, 470, 471, 472, 479, 480, 481, 488, 489, 490, 512, 513, 514, 515, 516, 523, 525, 526, 527, 534, 535, 536, 545, 548, 550, 552, 554, 562, 563, 569, 570, 572, 575, 578, 595, 598, 600, 601, 602, 609, 610, 611, 613, 620, 627, 628, 629, 656, 658, 659, 667, 668, 670, 671, 679, 682, 684, 687, 690, 691, 692, 693, 694, 695, 696, 697, 698, 699, 700, 701, 703, 707, 708, 709, 777, 788, 789, 791, 792, 793, 802, 803, 805, 806, 807, 825, 826, 828, 829, 830, 831, 832, 833, 834, 835, 836, 837, 839, 840, 841, 842, 843, 844, 845, 846, 855, 856, 857, 858, 859, 862, 885, 891, 899, 933, 934, 936, 937, 938, 959, 960, 961, 1020, 1021, 1022, 1037, 1038, 1043, 1045, 1058, 1059, 1061, 1062, 1063, 1084, 1131, 1132, 1149, 1150, 1151, 1152, 1154, 1156, 1157, 1160, 1162, 1163, 1164, 1165, 1167, 1168, 1169, 1172, 1174, 1175, 1176, 1177, 1178, 1179, 1181, 1191, 1192, 1193, 1194, 1196, 1198, 1199, 1200, 1201, 1202, 1203, 1204, 1216, 1217, 1218, 1219, 1221, 1223, 1224, 1227, 1229, 1230, 1231, 1232, 1235, 1236, 1237, 1240, 1242, 1257, 1258, 1259, 1260, 1261, 1262, 1263, 1264, 1265, 1266], "excluded_lines": [26, 27], "executed_branches": [[741, 742], [741, 748], [748, 749], [748, 757], [759, 760], [759, 768], [769, 770], [769, 776], [776, 781], [884, 886], [890, 894], [894, 895], [894, 898], [898, 902], [902, 903], [902, 906], [917, 918], [919, 920], [919, 925], [929, 930], [929, 935], [998, 999], [998, 1003]], "missing_branches": [[180, 181], [180, 184], [214, 215], [214, 216], [237, 238], [237, 239], [254, 255], [254, 256], [347, 348], [347, 351], [348, 347], [348, 349], [369, 370], [369, 378], [380, 381], [380, 389], [389, 390], [389, 400], [514, 515], [514, 523], [525, 526], [525, 534], [534, 535], [534, 545], [658, 659], [658, 667], [670, 671], [670, 679], [682, 684], [682, 687], [690, 691], [690, 693], [693, 694], [693, 696], [696, 697], [696, 699], [699, 700], [699, 703], [776, 777], [833, 834], [833, 835], [844, 845], [844, 846], [884, 885], [890, 891], [898, 899], [917, 925], [1150, 1151], [1150, 1154], [1156, 1157], [1156, 1162], [1162, 1163], [1162, 1167], [1168, 1169], [1168, 1174], [1175, 1176], [1175, 1196], [1177, 1178], [1177, 1181], [1217, 1218], [1217, 1221], [1223, 1224], [1223, 1229], [1229, 1230], [1229, 1235], [1236, 1237], [1236, 1242]], "functions": {"CVEResult.to_dict": {"executed_lines": [], "summary": {"covered_lines": 0, "num_statements": 1, "percent_covered": 0.0, "percent_covered_display": "0.00", "missing_lines": 1, "excluded_lines": 0, "percent_statements_covered": 0.0, "percent_statements_covered_display": "0.00", "num_branches": 0, "num_partial_branches": 0, "covered_branches": 0, "missing_branches": 0, "percent_branches_covered": 100.0, "percent_branches_covered_display": "100.00"}, "missing_lines": [94], "excluded_lines": [], "executed_branches": [], "missing_branches": []}, "DatasetAnalysisResult.to_dict": {"executed_lines": [140], "summary": {"covered_lines": 1, "num_statements": 1, "percent_covered": 100.0, "percent_covered_display": "100.00", "missing_lines": 0, "excluded_lines": 0, "percent_statements_covered": 100.0, "percent_statements_covered_display": "100.00", "num_branches": 0, "num_partial_branches": 0, "covered_branches": 0, "missing_branches": 0, "percent_branches_covered": 100.0, "percent_branches_covered_display": "100.00"}, "missing_lines": [], "excluded_lines": [], "executed_branches": [], "missing_branches": []}, "CVESearchInput.validate_library_name": {"executed_lines": [], "summary": {"covered_lines": 0, "num_statements": 3, "percent_covered": 0.0, "percent_covered_display": "0.00", "missing_lines": 3, "excluded_lines": 0, "percent_statements_covered": 0.0, "percent_statements_covered_display": "0.00", "num_branches": 2, "num_partial_branches": 0, "covered_branches": 0, "missing_branches": 2, "percent_branches_covered": 0.0, "percent_branches_covered_display": "0.00"}, "missing_lines": [180, 181, 184], "excluded_lines": [], "executed_branches": [], "missing_branches": [[180, 181], [180, 184]]}, "DatasetAnalysisInput.validate_data_json": {"executed_lines": [], "summary": {"covered_lines": 0, "num_statements": 3, "percent_covered": 0.0, "percent_covered_display": "0.00", "missing_lines": 3, "excluded_lines": 0, "percent_statements_covered": 0.0, "percent_statements_covered_display": "0.00", "num_branches": 2, "num_partial_branches": 0, "covered_branches": 0, "missing_branches": 2, "percent_branches_covered": 0.0, "percent_branches_covered_display": "0.00"}, "missing_lines": [214, 215, 216], "excluded_lines": [], "executed_branches": [], "missing_branches": [[214, 215], [214, 216]]}, "CodeGenerationInput.validate_cve_id": {"executed_lines": [], "summary": {"covered_lines": 0, "num_statements": 3, "percent_covered": 0.0, "percent_covered_display": "0.00", "missing_lines": 3, "excluded_lines": 0, "percent_statements_covered": 0.0, "percent_statements_covered_display": "0.00", "num_branches": 2, "num_partial_branches": 0, "covered_branches": 0, "missing_branches": 2, "percent_branches_covered": 0.0, "percent_branches_covered_display": "0.00"}, "missing_lines": [237, 238, 239], "excluded_lines": [], "executed_branches": [], "missing_branches": [[237, 238], [237, 239]]}, "HuggingFaceSearchInput.validate_search_type": {"executed_lines": [], "summary": {"covered_lines": 0, "num_statements": 3, "percent_covered": 0.0, "percent_covered_display": "0.00", "missing_lines": 3, "excluded_lines": 0, "percent_statements_covered": 0.0, "percent_statements_covered_display": "0.00", "num_branches": 2, "num_partial_branches": 0, "covered_branches": 0, "missing_branches": 2, "percent_branches_covered": 0.0, "percent_branches_covered_display": "0.00"}, "missing_lines": [254, 255, 256], "excluded_lines": [], "executed_branches": [], "missing_branches": [[254, 255], [254, 256]]}, "cve_search_impl": {"executed_lines": [], "summary": {"covered_lines": 0, "num_statements": 16, "percent_covered": 0.0, "percent_covered_display": "0.00", "missing_lines": 16, "excluded_lines": 0, "percent_statements_covered": 0.0, "percent_statements_covered_display": "0.00", "num_branches": 0, "num_partial_branches": 0, "covered_branches": 0, "missing_branches": 0, "percent_branches_covered": 100.0, "percent_branches_covered_display": "100.00"}, "missing_lines": [285, 286, 287, 288, 290, 295, 296, 298, 299, 300, 307, 308, 309, 317, 318, 319], "excluded_lines": [], "executed_branches": [], "missing_branches": []}, "_classify_search_query": {"executed_lines": [], "summary": {"covered_lines": 0, "num_statements": 6, "percent_covered": 0.0, "percent_covered_display": "0.00", "missing_lines": 6, "excluded_lines": 0, "percent_statements_covered": 0.0, "percent_statements_covered_display": "0.00", "num_branches": 4, "num_partial_branches": 0, "covered_branches": 0, "missing_branches": 4, "percent_branches_covered": 0.0, "percent_branches_covered_display": "0.00"}, "missing_lines": [337, 346, 347, 348, 349, 351], "excluded_lines": [], "executed_branches": [], "missing_branches": [[347, 348], [347, 351], [348, 347], [348, 349]]}, "_tavily_search": {"executed_lines": [], "summary": {"covered_lines": 0, "num_statements": 47, "percent_covered": 0.0, "percent_covered_display": "0.00", "missing_lines": 47, "excluded_lines": 0, "percent_statements_covered": 0.0, "percent_statements_covered_display": "0.00", "num_branches": 6, "num_partial_branches": 0, "covered_branches": 0, "missing_branches": 6, "percent_branches_covered": 0.0, "percent_branches_covered_display": "0.00"}, "missing_lines": [367, 368, 369, 370, 371, 378, 380, 381, 382, 389, 390, 391, 400, 403, 405, 408, 409, 411, 420, 421, 422, 425, 434, 435, 437, 439, 441, 443, 452, 453, 459, 460, 462, 463, 464, 465, 467, 468, 470, 471, 472, 479, 480, 481, 488, 489, 490], "excluded_lines": [], "executed_branches": [], "missing_branches": [[369, 370], [369, 378], [380, 381], [380, 389], [389, 390], [389, 400]]}, "_brave_search": {"executed_lines": [], "summary": {"covered_lines": 0, "num_statements": 37, "percent_covered": 0.0, "percent_covered_display": "0.00", "missing_lines": 37, "excluded_lines": 0, "percent_statements_covered": 0.0, "percent_statements_covered_display": "0.00", "num_branches": 6, "num_partial_branches": 0, "covered_branches": 0, "missing_branches": 6, "percent_branches_covered": 0.0, "percent_branches_covered_display": "0.00"}, "missing_lines": [512, 513, 514, 515, 516, 523, 525, 526, 527, 534, 535, 536, 545, 548, 550, 552, 554, 562, 563, 569, 570, 572, 575, 578, 595, 598, 600, 601, 602, 609, 610, 611, 613, 620, 627, 628, 629], "excluded_lines": [], "executed_branches": [], "missing_branches": [[514, 515], [514, 523], [525, 526], [525, 534], [534, 535], [534, 545]]}, "web_search_impl": {"executed_lines": [], "summary": {"covered_lines": 0, "num_statements": 27, "percent_covered": 0.0, "percent_covered_display": "0.00", "missing_lines": 27, "excluded_lines": 0, "percent_statements_covered": 0.0, "percent_statements_covered_display": "0.00", "num_branches": 14, "num_partial_branches": 0, "covered_branches": 0, "missing_branches": 14, "percent_branches_covered": 0.0, "percent_branches_covered_display": "0.00"}, "missing_lines": [656, 658, 659, 667, 668, 670, 671, 679, 682, 684, 687, 690, 691, 692, 693, 694, 695, 696, 697, 698, 699, 700, 701, 703, 707, 708, 709], "excluded_lines": [], "executed_branches": [], "missing_branches": [[658, 659], [658, 667], [670, 671], [670, 679], [682, 684], [682, 687], [690, 691], [690, 693], [693, 694], [693, 696], [696, 697], [696, 699], [699, 700], [699, 703]]}, "analyze_dataset_impl": {"executed_lines": [737, 738, 741, 742, 743, 744, 745, 748, 749, 750, 751, 752, 753, 757, 759, 760, 768, 769, 770, 776, 781, 784, 785, 786, 787, 818, 819, 820, 821, 822, 823, 824, 851, 852, 865, 866, 867, 870, 873, 879, 880, 883, 884, 886, 889, 890, 894, 895, 898, 902, 903, 906, 909, 910, 911, 912, 914, 915, 917, 918, 919, 920, 921, 925, 927, 928, 929, 930, 931, 932, 935, 940, 955, 957], "summary": {"covered_lines": 74, "num_statements": 122, "percent_covered": 62.5, "percent_covered_display": "62.50", "missing_lines": 48, "excluded_lines": 0, "percent_statements_covered": 60.65573770491803, "percent_statements_covered_display": "60.66", "num_branches": 30, "num_partial_branches": 5, "covered_branches": 21, "missing_branches": 9, "percent_branches_covered": 70.0, "percent_branches_covered_display": "70.00"}, "missing_lines": [777, 788, 789, 791, 792, 793, 802, 803, 805, 806, 807, 825, 826, 828, 829, 830, 831, 832, 833, 834, 835, 836, 837, 839, 840, 841, 842, 843, 844, 845, 846, 855, 856, 857, 858, 859, 862, 885, 891, 899, 933, 934, 936, 937, 938, 959, 960, 961], "excluded_lines": [], "executed_branches": [[741, 742], [741, 748], [748, 749], [748, 757], [759, 760], [759, 768], [769, 770], [769, 776], [776, 781], [884, 886], [890, 894], [894, 895], [894, 898], [898, 902], [902, 903], [902, 906], [917, 918], [919, 920], [919, 925], [929, 930], [929, 935]], "missing_branches": [[776, 777], [833, 834], [833, 835], [844, 845], [844, 846], [884, 885], [890, 891], [898, 899], [917, 925]]}, "generate_security_code_impl": {"executed_lines": [995, 996, 998, 999, 1003, 1005, 1007, 1017, 1018], "summary": {"covered_lines": 9, "num_statements": 12, "percent_covered": 78.57142857142857, "percent_covered_display": "78.57", "missing_lines": 3, "excluded_lines": 0, "percent_statements_covered": 75.0, "percent_statements_covered_display": "75.00", "num_branches": 2, "num_partial_branches": 0, "covered_branches": 2, "missing_branches": 0, "percent_branches_covered": 100.0, "percent_branches_covered_display": "100.00"}, "missing_lines": [1020, 1021, 1022], "excluded_lines": [], "executed_branches": [[998, 999], [998, 1003]], "missing_branches": []}, "huggingface_search_impl": {"executed_lines": [], "summary": {"covered_lines": 0, "num_statements": 9, "percent_covered": 0.0, "percent_covered_display": "0.00", "missing_lines": 9, "excluded_lines": 0, "percent_statements_covered": 0.0, "percent_statements_covered_display": "0.00", "num_branches": 0, "num_partial_branches": 0, "covered_branches": 0, "missing_branches": 0, "percent_branches_covered": 100.0, "percent_branches_covered_display": "100.00"}, "missing_lines": [1037, 1038, 1043, 1045, 1058, 1059, 1061, 1062, 1063], "excluded_lines": [], "executed_branches": [], "missing_branches": []}, "create_mlpatrol_tools": {"executed_lines": [], "summary": {"covered_lines": 0, "num_statements": 3, "percent_covered": 0.0, "percent_covered_display": "0.00", "missing_lines": 3, "excluded_lines": 0, "percent_statements_covered": 0.0, "percent_statements_covered_display": "0.00", "num_branches": 0, "num_partial_branches": 0, "covered_branches": 0, "missing_branches": 0, "percent_branches_covered": 100.0, "percent_branches_covered_display": "100.00"}, "missing_lines": [1084, 1131, 1132], "excluded_lines": [], "executed_branches": [], "missing_branches": []}, "parse_cve_results": {"executed_lines": [], "summary": {"covered_lines": 0, "num_statements": 35, "percent_covered": 0.0, "percent_covered_display": "0.00", "missing_lines": 35, "excluded_lines": 0, "percent_statements_covered": 0.0, "percent_statements_covered_display": "0.00", "num_branches": 12, "num_partial_branches": 0, "covered_branches": 0, "missing_branches": 12, "percent_branches_covered": 0.0, "percent_branches_covered_display": "0.00"}, "missing_lines": [1149, 1150, 1151, 1152, 1154, 1156, 1157, 1160, 1162, 1163, 1164, 1165, 1167, 1168, 1169, 1172, 1174, 1175, 1176, 1177, 1178, 1179, 1181, 1191, 1192, 1193, 1194, 1196, 1198, 1199, 1200, 1201, 1202, 1203, 1204], "excluded_lines": [], "executed_branches": [], "missing_branches": [[1150, 1151], [1150, 1154], [1156, 1157], [1156, 1162], [1162, 1163], [1162, 1167], [1168, 1169], [1168, 1174], [1175, 1176], [1175, 1196], [1177, 1178], [1177, 1181]]}, "parse_dataset_analysis": {"executed_lines": [], "summary": {"covered_lines": 0, "num_statements": 27, "percent_covered": 0.0, "percent_covered_display": "0.00", "missing_lines": 27, "excluded_lines": 0, "percent_statements_covered": 0.0, "percent_statements_covered_display": "0.00", "num_branches": 8, "num_partial_branches": 0, "covered_branches": 0, "missing_branches": 8, "percent_branches_covered": 0.0, "percent_branches_covered_display": "0.00"}, "missing_lines": [1216, 1217, 1218, 1219, 1221, 1223, 1224, 1227, 1229, 1230, 1231, 1232, 1235, 1236, 1237, 1240, 1242, 1257, 1258, 1259, 1260, 1261, 1262, 1263, 1264, 1265, 1266], "excluded_lines": [], "executed_branches": [], "missing_branches": [[1217, 1218], [1217, 1221], [1223, 1224], [1223, 1229], [1229, 1230], [1229, 1235], [1236, 1237], [1236, 1242]]}, "": {"executed_lines": [1, 11, 12, 13, 14, 15, 16, 17, 19, 20, 21, 22, 24, 25, 29, 30, 31, 37, 41, 43, 50, 51, 52, 53, 54, 55, 56, 57, 58, 61, 68, 69, 70, 83, 84, 85, 86, 87, 88, 89, 90, 92, 106, 107, 108, 123, 124, 125, 126, 127, 128, 129, 130, 131, 132, 134, 136, 138, 163, 164, 166, 169, 176, 177, 178, 187, 188, 190, 193, 198, 199, 201, 205, 210, 211, 212, 219, 220, 222, 225, 226, 229, 233, 234, 235, 242, 243, 245, 246, 250, 251, 252, 264, 328, 354, 499, 638, 714, 966, 1027, 1073, 1140, 1207], "summary": {"covered_lines": 95, "num_statements": 95, "percent_covered": 100.0, "percent_covered_display": "100.00", "missing_lines": 0, "excluded_lines": 2, "percent_statements_covered": 100.0, "percent_statements_covered_display": "100.00", "num_branches": 0, "num_partial_branches": 0, "covered_branches": 0, "missing_branches": 0, "percent_branches_covered": 100.0, "percent_branches_covered_display": "100.00"}, "missing_lines": [], "excluded_lines": [26, 27], "executed_branches": [], "missing_branches": []}}, "classes": {"CVEResult": {"executed_lines": [], "summary": {"covered_lines": 0, "num_statements": 1, "percent_covered": 0.0, "percent_covered_display": "0.00", "missing_lines": 1, "excluded_lines": 0, "percent_statements_covered": 0.0, "percent_statements_covered_display": "0.00", "num_branches": 0, "num_partial_branches": 0, "covered_branches": 0, "missing_branches": 0, "percent_branches_covered": 100.0, "percent_branches_covered_display": "100.00"}, "missing_lines": [94], "excluded_lines": [], "executed_branches": [], "missing_branches": []}, "DatasetAnalysisResult": {"executed_lines": [140], "summary": {"covered_lines": 1, "num_statements": 1, "percent_covered": 100.0, "percent_covered_display": "100.00", "missing_lines": 0, "excluded_lines": 0, "percent_statements_covered": 100.0, "percent_statements_covered_display": "100.00", "num_branches": 0, "num_partial_branches": 0, "covered_branches": 0, "missing_branches": 0, "percent_branches_covered": 100.0, "percent_branches_covered_display": "100.00"}, "missing_lines": [], "excluded_lines": [], "executed_branches": [], "missing_branches": []}, "CVESearchInput": {"executed_lines": [], "summary": {"covered_lines": 0, "num_statements": 3, "percent_covered": 0.0, "percent_covered_display": "0.00", "missing_lines": 3, "excluded_lines": 0, "percent_statements_covered": 0.0, "percent_statements_covered_display": "0.00", "num_branches": 2, "num_partial_branches": 0, "covered_branches": 0, "missing_branches": 2, "percent_branches_covered": 0.0, "percent_branches_covered_display": "0.00"}, "missing_lines": [180, 181, 184], "excluded_lines": [], "executed_branches": [], "missing_branches": [[180, 181], [180, 184]]}, "WebSearchInput": {"executed_lines": [], "summary": {"covered_lines": 0, "num_statements": 0, "percent_covered": 100.0, "percent_covered_display": "100.00", "missing_lines": 0, "excluded_lines": 0, "percent_statements_covered": 100.0, "percent_statements_covered_display": "100.00", "num_branches": 0, "num_partial_branches": 0, "covered_branches": 0, "missing_branches": 0, "percent_branches_covered": 100.0, "percent_branches_covered_display": "100.00"}, "missing_lines": [], "excluded_lines": [], "executed_branches": [], "missing_branches": []}, "DatasetAnalysisInput": {"executed_lines": [], "summary": {"covered_lines": 0, "num_statements": 3, "percent_covered": 0.0, "percent_covered_display": "0.00", "missing_lines": 3, "excluded_lines": 0, "percent_statements_covered": 0.0, "percent_statements_covered_display": "0.00", "num_branches": 2, "num_partial_branches": 0, "covered_branches": 0, "missing_branches": 2, "percent_branches_covered": 0.0, "percent_branches_covered_display": "0.00"}, "missing_lines": [214, 215, 216], "excluded_lines": [], "executed_branches": [], "missing_branches": [[214, 215], [214, 216]]}, "CodeGenerationInput": {"executed_lines": [], "summary": {"covered_lines": 0, "num_statements": 3, "percent_covered": 0.0, "percent_covered_display": "0.00", "missing_lines": 3, "excluded_lines": 0, "percent_statements_covered": 0.0, "percent_statements_covered_display": "0.00", "num_branches": 2, "num_partial_branches": 0, "covered_branches": 0, "missing_branches": 2, "percent_branches_covered": 0.0, "percent_branches_covered_display": "0.00"}, "missing_lines": [237, 238, 239], "excluded_lines": [], "executed_branches": [], "missing_branches": [[237, 238], [237, 239]]}, "HuggingFaceSearchInput": {"executed_lines": [], "summary": {"covered_lines": 0, "num_statements": 3, "percent_covered": 0.0, "percent_covered_display": "0.00", "missing_lines": 3, "excluded_lines": 0, "percent_statements_covered": 0.0, "percent_statements_covered_display": "0.00", "num_branches": 2, "num_partial_branches": 0, "covered_branches": 0, "missing_branches": 2, "percent_branches_covered": 0.0, "percent_branches_covered_display": "0.00"}, "missing_lines": [254, 255, 256], "excluded_lines": [], "executed_branches": [], "missing_branches": [[254, 255], [254, 256]]}, "": {"executed_lines": [1, 11, 12, 13, 14, 15, 16, 17, 19, 20, 21, 22, 24, 25, 29, 30, 31, 37, 41, 43, 50, 51, 52, 53, 54, 55, 56, 57, 58, 61, 68, 69, 70, 83, 84, 85, 86, 87, 88, 89, 90, 92, 106, 107, 108, 123, 124, 125, 126, 127, 128, 129, 130, 131, 132, 134, 136, 138, 163, 164, 166, 169, 176, 177, 178, 187, 188, 190, 193, 198, 199, 201, 205, 210, 211, 212, 219, 220, 222, 225, 226, 229, 233, 234, 235, 242, 243, 245, 246, 250, 251, 252, 264, 328, 354, 499, 638, 714, 737, 738, 741, 742, 743, 744, 745, 748, 749, 750, 751, 752, 753, 757, 759, 760, 768, 769, 770, 776, 781, 784, 785, 786, 787, 818, 819, 820, 821, 822, 823, 824, 851, 852, 865, 866, 867, 870, 873, 879, 880, 883, 884, 886, 889, 890, 894, 895, 898, 902, 903, 906, 909, 910, 911, 912, 914, 915, 917, 918, 919, 920, 921, 925, 927, 928, 929, 930, 931, 932, 935, 940, 955, 957, 966, 995, 996, 998, 999, 1003, 1005, 1007, 1017, 1018, 1027, 1073, 1140, 1207], "summary": {"covered_lines": 178, "num_statements": 436, "percent_covered": 38.803088803088805, "percent_covered_display": "38.80", "missing_lines": 258, "excluded_lines": 2, "percent_statements_covered": 40.825688073394495, "percent_statements_covered_display": "40.83", "num_branches": 82, "num_partial_branches": 5, "covered_branches": 23, "missing_branches": 59, "percent_branches_covered": 28.048780487804876, "percent_branches_covered_display": "28.05"}, "missing_lines": [285, 286, 287, 288, 290, 295, 296, 298, 299, 300, 307, 308, 309, 317, 318, 319, 337, 346, 347, 348, 349, 351, 367, 368, 369, 370, 371, 378, 380, 381, 382, 389, 390, 391, 400, 403, 405, 408, 409, 411, 420, 421, 422, 425, 434, 435, 437, 439, 441, 443, 452, 453, 459, 460, 462, 463, 464, 465, 467, 468, 470, 471, 472, 479, 480, 481, 488, 489, 490, 512, 513, 514, 515, 516, 523, 525, 526, 527, 534, 535, 536, 545, 548, 550, 552, 554, 562, 563, 569, 570, 572, 575, 578, 595, 598, 600, 601, 602, 609, 610, 611, 613, 620, 627, 628, 629, 656, 658, 659, 667, 668, 670, 671, 679, 682, 684, 687, 690, 691, 692, 693, 694, 695, 696, 697, 698, 699, 700, 701, 703, 707, 708, 709, 777, 788, 789, 791, 792, 793, 802, 803, 805, 806, 807, 825, 826, 828, 829, 830, 831, 832, 833, 834, 835, 836, 837, 839, 840, 841, 842, 843, 844, 845, 846, 855, 856, 857, 858, 859, 862, 885, 891, 899, 933, 934, 936, 937, 938, 959, 960, 961, 1020, 1021, 1022, 1037, 1038, 1043, 1045, 1058, 1059, 1061, 1062, 1063, 1084, 1131, 1132, 1149, 1150, 1151, 1152, 1154, 1156, 1157, 1160, 1162, 1163, 1164, 1165, 1167, 1168, 1169, 1172, 1174, 1175, 1176, 1177, 1178, 1179, 1181, 1191, 1192, 1193, 1194, 1196, 1198, 1199, 1200, 1201, 1202, 1203, 1204, 1216, 1217, 1218, 1219, 1221, 1223, 1224, 1227, 1229, 1230, 1231, 1232, 1235, 1236, 1237, 1240, 1242, 1257, 1258, 1259, 1260, 1261, 1262, 1263, 1264, 1265, 1266], "excluded_lines": [26, 27], "executed_branches": [[741, 742], [741, 748], [748, 749], [748, 757], [759, 760], [759, 768], [769, 770], [769, 776], [776, 781], [884, 886], [890, 894], [894, 895], [894, 898], [898, 902], [902, 903], [902, 906], [917, 918], [919, 920], [919, 925], [929, 930], [929, 935], [998, 999], [998, 1003]], "missing_branches": [[347, 348], [347, 351], [348, 347], [348, 349], [369, 370], [369, 378], [380, 381], [380, 389], [389, 390], [389, 400], [514, 515], [514, 523], [525, 526], [525, 534], [534, 535], [534, 545], [658, 659], [658, 667], [670, 671], [670, 679], [682, 684], [682, 687], [690, 691], [690, 693], [693, 694], [693, 696], [696, 697], [696, 699], [699, 700], [699, 703], [776, 777], [833, 834], [833, 835], [844, 845], [844, 846], [884, 885], [890, 891], [898, 899], [917, 925], [1150, 1151], [1150, 1154], [1156, 1157], [1156, 1162], [1162, 1163], [1162, 1167], [1168, 1169], [1168, 1174], [1175, 1176], [1175, 1196], [1177, 1178], [1177, 1181], [1217, 1218], [1217, 1221], [1223, 1224], [1223, 1229], [1229, 1230], [1229, 1235], [1236, 1237], [1236, 1242]]}}}, "src\\dataset\\bias_analyzer.py": {"executed_lines": [1, 3, 5, 6, 8, 9, 12, 13, 14, 16, 17, 18, 19, 20, 23, 24, 26, 27, 29, 30, 32, 33, 34, 35, 37, 39, 40, 41, 42, 43, 45, 46, 47, 49, 50, 52, 54, 55, 57, 58, 60, 61, 64, 66, 69, 70, 75, 77, 78, 83, 86, 95, 97, 98], "summary": {"covered_lines": 51, "num_statements": 56, "percent_covered": 85.0, "percent_covered_display": "85.00", "missing_lines": 5, "excluded_lines": 0, "percent_statements_covered": 91.07142857142857, "percent_statements_covered_display": "91.07", "num_branches": 24, "num_partial_branches": 7, "covered_branches": 17, "missing_branches": 7, "percent_branches_covered": 70.83333333333333, "percent_branches_covered_display": "70.83"}, "missing_lines": [31, 53, 65, 73, 84], "excluded_lines": [], "executed_branches": [[30, 32], [32, 33], [32, 35], [33, 32], [33, 34], [45, 46], [50, 52], [50, 60], [52, 54], [54, 55], [54, 57], [60, 61], [64, 66], [66, 69], [77, 78], [77, 83], [83, 86]], "missing_branches": [[30, 31], [45, 83], [52, 53], [60, 77], [64, 65], [66, 73], [83, 84]], "functions": {"BiasAnalyzer.__init__": {"executed_lines": [27], "summary": {"covered_lines": 1, "num_statements": 1, "percent_covered": 100.0, "percent_covered_display": "100.00", "missing_lines": 0, "excluded_lines": 0, "percent_statements_covered": 100.0, "percent_statements_covered_display": "100.00", "num_branches": 0, "num_partial_branches": 0, "covered_branches": 0, "missing_branches": 0, "percent_branches_covered": 100.0, "percent_branches_covered_display": "100.00"}, "missing_lines": [], "excluded_lines": [], "executed_branches": [], "missing_branches": []}, "BiasAnalyzer.detect_label_column": {"executed_lines": [30, 32, 33, 34, 35], "summary": {"covered_lines": 5, "num_statements": 6, "percent_covered": 83.33333333333333, "percent_covered_display": "83.33", "missing_lines": 1, "excluded_lines": 0, "percent_statements_covered": 83.33333333333333, "percent_statements_covered_display": "83.33", "num_branches": 6, "num_partial_branches": 1, "covered_branches": 5, "missing_branches": 1, "percent_branches_covered": 83.33333333333333, "percent_branches_covered_display": "83.33"}, "missing_lines": [31], "excluded_lines": [], "executed_branches": [[30, 32], [32, 33], [32, 35], [33, 32], [33, 34]], "missing_branches": [[30, 31]]}, "BiasAnalyzer.analyze": {"executed_lines": [39, 40, 41, 42, 43, 45, 46, 47, 49, 50, 52, 54, 55, 57, 58, 60, 61, 64, 66, 69, 70, 75, 77, 78, 83, 86], "summary": {"covered_lines": 26, "num_statements": 30, "percent_covered": 79.16666666666667, "percent_covered_display": "79.17", "missing_lines": 4, "excluded_lines": 0, "percent_statements_covered": 86.66666666666667, "percent_statements_covered_display": "86.67", "num_branches": 18, "num_partial_branches": 6, "covered_branches": 12, "missing_branches": 6, "percent_branches_covered": 66.66666666666667, "percent_branches_covered_display": "66.67"}, "missing_lines": [53, 65, 73, 84], "excluded_lines": [], "executed_branches": [[45, 46], [50, 52], [50, 60], [52, 54], [54, 55], [54, 57], [60, 61], [64, 66], [66, 69], [77, 78], [77, 83], [83, 86]], "missing_branches": [[45, 83], [52, 53], [60, 77], [64, 65], [66, 73], [83, 84]]}, "analyze_bias": {"executed_lines": [97, 98], "summary": {"covered_lines": 2, "num_statements": 2, "percent_covered": 100.0, "percent_covered_display": "100.00", "missing_lines": 0, "excluded_lines": 0, "percent_statements_covered": 100.0, "percent_statements_covered_display": "100.00", "num_branches": 0, "num_partial_branches": 0, "covered_branches": 0, "missing_branches": 0, "percent_branches_covered": 100.0, "percent_branches_covered_display": "100.00"}, "missing_lines": [], "excluded_lines": [], "executed_branches": [], "missing_branches": []}, "": {"executed_lines": [1, 3, 5, 6, 8, 9, 12, 13, 14, 16, 17, 18, 19, 20, 23, 24, 26, 29, 37, 95], "summary": {"covered_lines": 17, "num_statements": 17, "percent_covered": 100.0, "percent_covered_display": "100.00", "missing_lines": 0, "excluded_lines": 0, "percent_statements_covered": 100.0, "percent_statements_covered_display": "100.00", "num_branches": 0, "num_partial_branches": 0, "covered_branches": 0, "missing_branches": 0, "percent_branches_covered": 100.0, "percent_branches_covered_display": "100.00"}, "missing_lines": [], "excluded_lines": [], "executed_branches": [], "missing_branches": []}}, "classes": {"BiasReport": {"executed_lines": [], "summary": {"covered_lines": 0, "num_statements": 0, "percent_covered": 100.0, "percent_covered_display": "100.00", "missing_lines": 0, "excluded_lines": 0, "percent_statements_covered": 100.0, "percent_statements_covered_display": "100.00", "num_branches": 0, "num_partial_branches": 0, "covered_branches": 0, "missing_branches": 0, "percent_branches_covered": 100.0, "percent_branches_covered_display": "100.00"}, "missing_lines": [], "excluded_lines": [], "executed_branches": [], "missing_branches": []}, "BiasAnalyzer": {"executed_lines": [27, 30, 32, 33, 34, 35, 39, 40, 41, 42, 43, 45, 46, 47, 49, 50, 52, 54, 55, 57, 58, 60, 61, 64, 66, 69, 70, 75, 77, 78, 83, 86], "summary": {"covered_lines": 32, "num_statements": 37, "percent_covered": 80.32786885245902, "percent_covered_display": "80.33", "missing_lines": 5, "excluded_lines": 0, "percent_statements_covered": 86.48648648648648, "percent_statements_covered_display": "86.49", "num_branches": 24, "num_partial_branches": 7, "covered_branches": 17, "missing_branches": 7, "percent_branches_covered": 70.83333333333333, "percent_branches_covered_display": "70.83"}, "missing_lines": [31, 53, 65, 73, 84], "excluded_lines": [], "executed_branches": [[30, 32], [32, 33], [32, 35], [33, 32], [33, 34], [45, 46], [50, 52], [50, 60], [52, 54], [54, 55], [54, 57], [60, 61], [64, 66], [66, 69], [77, 78], [77, 83], [83, 86]], "missing_branches": [[30, 31], [45, 83], [52, 53], [60, 77], [64, 65], [66, 73], [83, 84]]}, "": {"executed_lines": [1, 3, 5, 6, 8, 9, 12, 13, 14, 16, 17, 18, 19, 20, 23, 24, 26, 29, 37, 95, 97, 98], "summary": {"covered_lines": 19, "num_statements": 19, "percent_covered": 100.0, "percent_covered_display": "100.00", "missing_lines": 0, "excluded_lines": 0, "percent_statements_covered": 100.0, "percent_statements_covered_display": "100.00", "num_branches": 0, "num_partial_branches": 0, "covered_branches": 0, "missing_branches": 0, "percent_branches_covered": 100.0, "percent_branches_covered_display": "100.00"}, "missing_lines": [], "excluded_lines": [], "executed_branches": [], "missing_branches": []}}}, "src\\dataset\\poisoning_detector.py": {"executed_lines": [1, 3, 5, 6, 8, 9, 10, 13, 14, 15, 17, 18, 19, 20, 23, 24, 26, 27, 29, 30, 31, 33, 34, 35, 36, 38, 39, 40, 41, 43, 51, 53, 54], "summary": {"covered_lines": 30, "num_statements": 30, "percent_covered": 100.0, "percent_covered_display": "100.00", "missing_lines": 0, "excluded_lines": 0, "percent_statements_covered": 100.0, "percent_statements_covered_display": "100.00", "num_branches": 2, "num_partial_branches": 0, "covered_branches": 2, "missing_branches": 0, "percent_branches_covered": 100.0, "percent_branches_covered_display": "100.00"}, "missing_lines": [], "excluded_lines": [], "executed_branches": [[33, 34], [33, 38]], "missing_branches": [], "functions": {"PoisoningDetector.__init__": {"executed_lines": [27], "summary": {"covered_lines": 1, "num_statements": 1, "percent_covered": 100.0, "percent_covered_display": "100.00", "missing_lines": 0, "excluded_lines": 0, "percent_statements_covered": 100.0, "percent_statements_covered_display": "100.00", "num_branches": 0, "num_partial_branches": 0, "covered_branches": 0, "missing_branches": 0, "percent_branches_covered": 100.0, "percent_branches_covered_display": "100.00"}, "missing_lines": [], "excluded_lines": [], "executed_branches": [], "missing_branches": []}, "PoisoningDetector.detect": {"executed_lines": [30, 31, 33, 34, 35, 36, 38, 39, 40, 41, 43], "summary": {"covered_lines": 11, "num_statements": 11, "percent_covered": 100.0, "percent_covered_display": "100.00", "missing_lines": 0, "excluded_lines": 0, "percent_statements_covered": 100.0, "percent_statements_covered_display": "100.00", "num_branches": 2, "num_partial_branches": 0, "covered_branches": 2, "missing_branches": 0, "percent_branches_covered": 100.0, "percent_branches_covered_display": "100.00"}, "missing_lines": [], "excluded_lines": [], "executed_branches": [[33, 34], [33, 38]], "missing_branches": []}, "detect_poisoning": {"executed_lines": [53, 54], "summary": {"covered_lines": 2, "num_statements": 2, "percent_covered": 100.0, "percent_covered_display": "100.00", "missing_lines": 0, "excluded_lines": 0, "percent_statements_covered": 100.0, "percent_statements_covered_display": "100.00", "num_branches": 0, "num_partial_branches": 0, "covered_branches": 0, "missing_branches": 0, "percent_branches_covered": 100.0, "percent_branches_covered_display": "100.00"}, "missing_lines": [], "excluded_lines": [], "executed_branches": [], "missing_branches": []}, "": {"executed_lines": [1, 3, 5, 6, 8, 9, 10, 13, 14, 15, 17, 18, 19, 20, 23, 24, 26, 29, 51], "summary": {"covered_lines": 16, "num_statements": 16, "percent_covered": 100.0, "percent_covered_display": "100.00", "missing_lines": 0, "excluded_lines": 0, "percent_statements_covered": 100.0, "percent_statements_covered_display": "100.00", "num_branches": 0, "num_partial_branches": 0, "covered_branches": 0, "missing_branches": 0, "percent_branches_covered": 100.0, "percent_branches_covered_display": "100.00"}, "missing_lines": [], "excluded_lines": [], "executed_branches": [], "missing_branches": []}}, "classes": {"PoisoningReport": {"executed_lines": [], "summary": {"covered_lines": 0, "num_statements": 0, "percent_covered": 100.0, "percent_covered_display": "100.00", "missing_lines": 0, "excluded_lines": 0, "percent_statements_covered": 100.0, "percent_statements_covered_display": "100.00", "num_branches": 0, "num_partial_branches": 0, "covered_branches": 0, "missing_branches": 0, "percent_branches_covered": 100.0, "percent_branches_covered_display": "100.00"}, "missing_lines": [], "excluded_lines": [], "executed_branches": [], "missing_branches": []}, "PoisoningDetector": {"executed_lines": [27, 30, 31, 33, 34, 35, 36, 38, 39, 40, 41, 43], "summary": {"covered_lines": 12, "num_statements": 12, "percent_covered": 100.0, "percent_covered_display": "100.00", "missing_lines": 0, "excluded_lines": 0, "percent_statements_covered": 100.0, "percent_statements_covered_display": "100.00", "num_branches": 2, "num_partial_branches": 0, "covered_branches": 2, "missing_branches": 0, "percent_branches_covered": 100.0, "percent_branches_covered_display": "100.00"}, "missing_lines": [], "excluded_lines": [], "executed_branches": [[33, 34], [33, 38]], "missing_branches": []}, "": {"executed_lines": [1, 3, 5, 6, 8, 9, 10, 13, 14, 15, 17, 18, 19, 20, 23, 24, 26, 29, 51, 53, 54], "summary": {"covered_lines": 18, "num_statements": 18, "percent_covered": 100.0, "percent_covered_display": "100.00", "missing_lines": 0, "excluded_lines": 0, "percent_statements_covered": 100.0, "percent_statements_covered_display": "100.00", "num_branches": 0, "num_partial_branches": 0, "covered_branches": 0, "missing_branches": 0, "percent_branches_covered": 100.0, "percent_branches_covered_display": "100.00"}, "missing_lines": [], "excluded_lines": [], "executed_branches": [], "missing_branches": []}}}, "src\\dataset\\statistical_tests.py": {"executed_lines": [1, 7, 9, 11, 12, 13, 16, 22, 23, 24, 26, 27, 30, 34, 35, 36, 37, 39, 41, 42, 44, 45, 48, 53, 54, 55, 57, 58, 61, 66, 67, 69, 70, 71, 72, 75, 80, 81, 82], "summary": {"covered_lines": 38, "num_statements": 41, "percent_covered": 88.23529411764706, "percent_covered_display": "88.24", "missing_lines": 3, "excluded_lines": 0, "percent_statements_covered": 92.6829268292683, "percent_statements_covered_display": "92.68", "num_branches": 10, "num_partial_branches": 3, "covered_branches": 7, "missing_branches": 3, "percent_branches_covered": 70.0, "percent_branches_covered_display": "70.00"}, "missing_lines": [38, 56, 68], "excluded_lines": [], "executed_branches": [[23, 24], [23, 26], [36, 37], [36, 44], [37, 39], [55, 57], [67, 69]], "missing_branches": [[37, 38], [55, 56], [67, 68]], "functions": {"compute_z_scores": {"executed_lines": [22, 23, 24, 26, 27], "summary": {"covered_lines": 5, "num_statements": 5, "percent_covered": 100.0, "percent_covered_display": "100.00", "missing_lines": 0, "excluded_lines": 0, "percent_statements_covered": 100.0, "percent_statements_covered_display": "100.00", "num_branches": 2, "num_partial_branches": 0, "covered_branches": 2, "missing_branches": 0, "percent_branches_covered": 100.0, "percent_branches_covered_display": "100.00"}, "missing_lines": [], "excluded_lines": [], "executed_branches": [[23, 24], [23, 26]], "missing_branches": []}, "detect_outliers_zscore": {"executed_lines": [34, 35, 36, 37, 39, 41, 42, 44, 45], "summary": {"covered_lines": 9, "num_statements": 10, "percent_covered": 85.71428571428571, "percent_covered_display": "85.71", "missing_lines": 1, "excluded_lines": 0, "percent_statements_covered": 90.0, "percent_statements_covered_display": "90.00", "num_branches": 4, "num_partial_branches": 1, "covered_branches": 3, "missing_branches": 1, "percent_branches_covered": 75.0, "percent_branches_covered_display": "75.00"}, "missing_lines": [38], "excluded_lines": [], "executed_branches": [[36, 37], [36, 44], [37, 39]], "missing_branches": [[37, 38]]}, "ks_test_between_columns": {"executed_lines": [53, 54, 55, 57, 58], "summary": {"covered_lines": 5, "num_statements": 6, "percent_covered": 75.0, "percent_covered_display": "75.00", "missing_lines": 1, "excluded_lines": 0, "percent_statements_covered": 83.33333333333333, "percent_statements_covered_display": "83.33", "num_branches": 2, "num_partial_branches": 1, "covered_branches": 1, "missing_branches": 1, "percent_branches_covered": 50.0, "percent_branches_covered_display": "50.00"}, "missing_lines": [56], "excluded_lines": [], "executed_branches": [[55, 57]], "missing_branches": [[55, 56]]}, "chi2_of_categorical": {"executed_lines": [66, 67, 69, 70, 71, 72], "summary": {"covered_lines": 6, "num_statements": 7, "percent_covered": 77.77777777777777, "percent_covered_display": "77.78", "missing_lines": 1, "excluded_lines": 0, "percent_statements_covered": 85.71428571428571, "percent_statements_covered_display": "85.71", "num_branches": 2, "num_partial_branches": 1, "covered_branches": 1, "missing_branches": 1, "percent_branches_covered": 50.0, "percent_branches_covered_display": "50.00"}, "missing_lines": [68], "excluded_lines": [], "executed_branches": [[67, 69]], "missing_branches": [[67, 68]]}, "dataset_summary": {"executed_lines": [80, 81, 82], "summary": {"covered_lines": 3, "num_statements": 3, "percent_covered": 100.0, "percent_covered_display": "100.00", "missing_lines": 0, "excluded_lines": 0, "percent_statements_covered": 100.0, "percent_statements_covered_display": "100.00", "num_branches": 0, "num_partial_branches": 0, "covered_branches": 0, "missing_branches": 0, "percent_branches_covered": 100.0, "percent_branches_covered_display": "100.00"}, "missing_lines": [], "excluded_lines": [], "executed_branches": [], "missing_branches": []}, "": {"executed_lines": [1, 7, 9, 11, 12, 13, 16, 30, 48, 61, 75], "summary": {"covered_lines": 10, "num_statements": 10, "percent_covered": 100.0, "percent_covered_display": "100.00", "missing_lines": 0, "excluded_lines": 0, "percent_statements_covered": 100.0, "percent_statements_covered_display": "100.00", "num_branches": 0, "num_partial_branches": 0, "covered_branches": 0, "missing_branches": 0, "percent_branches_covered": 100.0, "percent_branches_covered_display": "100.00"}, "missing_lines": [], "excluded_lines": [], "executed_branches": [], "missing_branches": []}}, "classes": {"": {"executed_lines": [1, 7, 9, 11, 12, 13, 16, 22, 23, 24, 26, 27, 30, 34, 35, 36, 37, 39, 41, 42, 44, 45, 48, 53, 54, 55, 57, 58, 61, 66, 67, 69, 70, 71, 72, 75, 80, 81, 82], "summary": {"covered_lines": 38, "num_statements": 41, "percent_covered": 88.23529411764706, "percent_covered_display": "88.24", "missing_lines": 3, "excluded_lines": 0, "percent_statements_covered": 92.6829268292683, "percent_statements_covered_display": "92.68", "num_branches": 10, "num_partial_branches": 3, "covered_branches": 7, "missing_branches": 3, "percent_branches_covered": 70.0, "percent_branches_covered_display": "70.00"}, "missing_lines": [38, 56, 68], "excluded_lines": [], "executed_branches": [[23, 24], [23, 26], [36, 37], [36, 44], [37, 39], [55, 57], [67, 69]], "missing_branches": [[37, 38], [55, 56], [67, 68]]}}}, "src\\mcp\\connectors.py": {"executed_lines": [1, 3, 5, 6, 9, 10, 11, 13, 14, 15, 18, 19, 21, 22, 24, 25, 27, 28, 30, 31, 34, 36, 37, 44, 51, 58], "summary": {"covered_lines": 23, "num_statements": 23, "percent_covered": 100.0, "percent_covered_display": "100.00", "missing_lines": 0, "excluded_lines": 0, "percent_statements_covered": 100.0, "percent_statements_covered_display": "100.00", "num_branches": 0, "num_partial_branches": 0, "covered_branches": 0, "missing_branches": 0, "percent_branches_covered": 100.0, "percent_branches_covered_display": "100.00"}, "missing_lines": [], "excluded_lines": [], "executed_branches": [], "missing_branches": [], "functions": {"ConnectorRegistry.__init__": {"executed_lines": [22], "summary": {"covered_lines": 1, "num_statements": 1, "percent_covered": 100.0, "percent_covered_display": "100.00", "missing_lines": 0, "excluded_lines": 0, "percent_statements_covered": 100.0, "percent_statements_covered_display": "100.00", "num_branches": 0, "num_partial_branches": 0, "covered_branches": 0, "missing_branches": 0, "percent_branches_covered": 100.0, "percent_branches_covered_display": "100.00"}, "missing_lines": [], "excluded_lines": [], "executed_branches": [], "missing_branches": []}, "ConnectorRegistry.register": {"executed_lines": [25], "summary": {"covered_lines": 1, "num_statements": 1, "percent_covered": 100.0, "percent_covered_display": "100.00", "missing_lines": 0, "excluded_lines": 0, "percent_statements_covered": 100.0, "percent_statements_covered_display": "100.00", "num_branches": 0, "num_partial_branches": 0, "covered_branches": 0, "missing_branches": 0, "percent_branches_covered": 100.0, "percent_branches_covered_display": "100.00"}, "missing_lines": [], "excluded_lines": [], "executed_branches": [], "missing_branches": []}, "ConnectorRegistry.get": {"executed_lines": [28], "summary": {"covered_lines": 1, "num_statements": 1, "percent_covered": 100.0, "percent_covered_display": "100.00", "missing_lines": 0, "excluded_lines": 0, "percent_statements_covered": 100.0, "percent_statements_covered_display": "100.00", "num_branches": 0, "num_partial_branches": 0, "covered_branches": 0, "missing_branches": 0, "percent_branches_covered": 100.0, "percent_branches_covered_display": "100.00"}, "missing_lines": [], "excluded_lines": [], "executed_branches": [], "missing_branches": []}, "ConnectorRegistry.all": {"executed_lines": [31], "summary": {"covered_lines": 1, "num_statements": 1, "percent_covered": 100.0, "percent_covered_display": "100.00", "missing_lines": 0, "excluded_lines": 0, "percent_statements_covered": 100.0, "percent_statements_covered_display": "100.00", "num_branches": 0, "num_partial_branches": 0, "covered_branches": 0, "missing_branches": 0, "percent_branches_covered": 100.0, "percent_branches_covered_display": "100.00"}, "missing_lines": [], "excluded_lines": [], "executed_branches": [], "missing_branches": []}, "load_default_connectors": {"executed_lines": [36, 37, 44, 51, 58], "summary": {"covered_lines": 5, "num_statements": 5, "percent_covered": 100.0, "percent_covered_display": "100.00", "missing_lines": 0, "excluded_lines": 0, "percent_statements_covered": 100.0, "percent_statements_covered_display": "100.00", "num_branches": 0, "num_partial_branches": 0, "covered_branches": 0, "missing_branches": 0, "percent_branches_covered": 100.0, "percent_branches_covered_display": "100.00"}, "missing_lines": [], "excluded_lines": [], "executed_branches": [], "missing_branches": []}, "": {"executed_lines": [1, 3, 5, 6, 9, 10, 11, 13, 14, 15, 18, 19, 21, 24, 27, 30, 34], "summary": {"covered_lines": 14, "num_statements": 14, "percent_covered": 100.0, "percent_covered_display": "100.00", "missing_lines": 0, "excluded_lines": 0, "percent_statements_covered": 100.0, "percent_statements_covered_display": "100.00", "num_branches": 0, "num_partial_branches": 0, "covered_branches": 0, "missing_branches": 0, "percent_branches_covered": 100.0, "percent_branches_covered_display": "100.00"}, "missing_lines": [], "excluded_lines": [], "executed_branches": [], "missing_branches": []}}, "classes": {"MCPConnector": {"executed_lines": [], "summary": {"covered_lines": 0, "num_statements": 0, "percent_covered": 100.0, "percent_covered_display": "100.00", "missing_lines": 0, "excluded_lines": 0, "percent_statements_covered": 100.0, "percent_statements_covered_display": "100.00", "num_branches": 0, "num_partial_branches": 0, "covered_branches": 0, "missing_branches": 0, "percent_branches_covered": 100.0, "percent_branches_covered_display": "100.00"}, "missing_lines": [], "excluded_lines": [], "executed_branches": [], "missing_branches": []}, "ConnectorRegistry": {"executed_lines": [22, 25, 28, 31], "summary": {"covered_lines": 4, "num_statements": 4, "percent_covered": 100.0, "percent_covered_display": "100.00", "missing_lines": 0, "excluded_lines": 0, "percent_statements_covered": 100.0, "percent_statements_covered_display": "100.00", "num_branches": 0, "num_partial_branches": 0, "covered_branches": 0, "missing_branches": 0, "percent_branches_covered": 100.0, "percent_branches_covered_display": "100.00"}, "missing_lines": [], "excluded_lines": [], "executed_branches": [], "missing_branches": []}, "": {"executed_lines": [1, 3, 5, 6, 9, 10, 11, 13, 14, 15, 18, 19, 21, 24, 27, 30, 34, 36, 37, 44, 51, 58], "summary": {"covered_lines": 19, "num_statements": 19, "percent_covered": 100.0, "percent_covered_display": "100.00", "missing_lines": 0, "excluded_lines": 0, "percent_statements_covered": 100.0, "percent_statements_covered_display": "100.00", "num_branches": 0, "num_partial_branches": 0, "covered_branches": 0, "missing_branches": 0, "percent_branches_covered": 100.0, "percent_branches_covered_display": "100.00"}, "missing_lines": [], "excluded_lines": [], "executed_branches": [], "missing_branches": []}}}, "src\\security\\code_generator.py": {"executed_lines": [1, 14, 16, 17, 18, 19, 22, 23, 24, 26, 28, 31, 32, 33, 34, 37, 38, 41, 42, 43, 47, 48, 68, 69, 70, 75, 76, 77, 78, 80, 82, 100, 101, 112, 117, 118, 119, 121, 122, 124, 200, 203, 209, 210, 211, 212, 213, 215, 300, 303], "summary": {"covered_lines": 47, "num_statements": 53, "percent_covered": 83.07692307692308, "percent_covered_display": "83.08", "missing_lines": 6, "excluded_lines": 2, "percent_statements_covered": 88.67924528301887, "percent_statements_covered_display": "88.68", "num_branches": 12, "num_partial_branches": 3, "covered_branches": 7, "missing_branches": 5, "percent_branches_covered": 58.333333333333336, "percent_branches_covered_display": "58.33"}, "missing_lines": [25, 27, 44, 310, 311, 312], "excluded_lines": [124, 215], "executed_branches": [[24, 26], [26, 28], [32, 33], [32, 34], [42, 43], [75, 76], [75, 77]], "missing_branches": [[24, 25], [26, 27], [42, 44], [310, 311], [310, 312]], "functions": {"_sanitize_identifier": {"executed_lines": [23, 24, 26, 28], "summary": {"covered_lines": 4, "num_statements": 6, "percent_covered": 60.0, "percent_covered_display": "60.00", "missing_lines": 2, "excluded_lines": 0, "percent_statements_covered": 66.66666666666667, "percent_statements_covered_display": "66.67", "num_branches": 4, "num_partial_branches": 2, "covered_branches": 2, "missing_branches": 2, "percent_branches_covered": 50.0, "percent_branches_covered_display": "50.00"}, "missing_lines": [25, 27], "excluded_lines": [], "executed_branches": [[24, 26], [26, 28]], "missing_branches": [[24, 25], [26, 27]]}, "_escape_docstring_text": {"executed_lines": [32, 33, 34], "summary": {"covered_lines": 3, "num_statements": 3, "percent_covered": 100.0, "percent_covered_display": "100.00", "missing_lines": 0, "excluded_lines": 0, "percent_statements_covered": 100.0, "percent_statements_covered_display": "100.00", "num_branches": 2, "num_partial_branches": 0, "covered_branches": 2, "missing_branches": 0, "percent_branches_covered": 100.0, "percent_branches_covered_display": "100.00"}, "missing_lines": [], "excluded_lines": [
[...]
percent_covered": 100.0, "percent_covered_display": "100.00", "missing_lines": 0, "excluded_lines": 0, "percent_statements_covered": 100.0, "percent_statements_covered_display": "100.00", "num_branches": 0, "num_partial_branches": 0, "covered_branches": 0, "missing_branches": 0, "percent_branches_covered": 100.0, "percent_branches_covered_display": "100.00"}, "missing_lines": [], "excluded_lines": [], "executed_branches": [], "missing_branches": []}, "ThreatIntelAggregator.add_dataset_findings": {"executed_lines": [49, 50, 51, 52], "summary": {"covered_lines": 4, "num_statements": 4, "percent_covered": 100.0, "percent_covered_display": "100.00", "missing_lines": 0, "excluded_lines": 0, "percent_statements_covered": 100.0, "percent_statements_covered_display": "100.00", "num_branches": 0, "num_partial_branches": 0, "covered_branches": 0, "missing_branches": 0, "percent_branches_covered": 100.0, "percent_branches_covered_display": "100.00"}, "missing_lines": [], "excluded_lines": [], "executed_branches": [], "missing_branches": []}, "ThreatIntelAggregator.extend": {"executed_lines": [63], "summary": {"covered_lines": 1, "num_statements": 1, "percent_covered": 100.0, "percent_covered_display": "100.00", "missing_lines": 0, "excluded_lines": 0, "percent_statements_covered": 100.0, "percent_statements_covered_display": "100.00", "num_branches": 0, "num_partial_branches": 0, "covered_branches": 0, "missing_branches": 0, "percent_branches_covered": 100.0, "percent_branches_covered_display": "100.00"}, "missing_lines": [], "excluded_lines": [], "executed_branches": [], "missing_branches": []}, "ThreatIntelAggregator.summarize": {"executed_lines": [67, 68], "summary": {"covered_lines": 2, "num_statements": 2, "percent_covered": 100.0, "percent_covered_display": "100.00", "missing_lines": 0, "excluded_lines": 0, "percent_statements_covered": 100.0, "percent_statements_covered_display": "100.00", "num_branches": 0, "num_partial_branches": 0, "covered_branches": 0, "missing_branches": 0, "percent_branches_covered": 100.0, "percent_branches_covered_display": "100.00"}, "missing_lines": [], "excluded_lines": [], "executed_branches": [], "missing_branches": []}, "": {"executed_lines": [1, 3, 5, 6, 9, 10, 11, 13, 14, 15, 16, 17, 20, 21, 23, 26, 48, 62, 65], "summary": {"covered_lines": 16, "num_statements": 16, "percent_covered": 100.0, "percent_covered_display": "100.00", "missing_lines": 0, "excluded_lines": 0, "percent_statements_covered": 100.0, "percent_statements_covered_display": "100.00", "num_branches": 0, "num_partial_branches": 0, "covered_branches": 0, "missing_branches": 0, "percent_branches_covered": 100.0, "percent_branches_covered_display": "100.00"}, "missing_lines": [], "excluded_lines": [], "executed_branches": [], "missing_branches": []}}, "classes": {"ThreatIntelInsight": {"executed_lines": [], "summary": {"covered_lines": 0, "num_statements": 0, "percent_covered": 100.0, "percent_covered_display": "100.00", "missing_lines": 0, "excluded_lines": 0, "percent_statements_covered": 100.0, "percent_statements_covered_display": "100.00", "num_branches": 0, "num_partial_branches": 0, "covered_branches": 0, "missing_branches": 0, "percent_branches_covered": 100.0, "percent_branches_covered_display": "100.00"}, "missing_lines": [], "excluded_lines": [], "executed_branches": [], "missing_branches": []}, "ThreatIntelAggregator": {"executed_lines": [24, 33, 34, 38, 49, 50, 51, 52, 63, 67, 68], "summary": {"covered_lines": 11, "num_statements": 11, "percent_covered": 100.0, "percent_covered_display": "100.00", "missing_lines": 0, "excluded_lines": 0, "percent_statements_covered": 100.0, "percent_statements_covered_display": "100.00", "num_branches": 0, "num_partial_branches": 0, "covered_branches": 0, "missing_branches": 0, "percent_branches_covered": 100.0, "percent_branches_covered_display": "100.00"}, "missing_lines": [], "excluded_lines": [], "executed_branches": [], "missing_branches": []}, "": {"executed_lines": [1, 3, 5, 6, 9, 10, 11, 13, 14, 15, 16, 17, 20, 21, 23, 26, 48, 62, 65], "summary": {"covered_lines": 16, "num_statements": 16, "percent_covered": 100.0, "percent_covered_display": "100.00", "missing_lines": 0, "excluded_lines": 0, "percent_statements_covered": 100.0, "percent_statements_covered_display": "100.00", "num_branches": 0, "num_partial_branches": 0, "covered_branches": 0, "missing_branches": 0, "percent_branches_covered": 100.0, "percent_branches_covered_display": "100.00"}, "missing_lines": [], "excluded_lines": [], "executed_branches": [], "missing_branches": []}}}, "src\\utils\\config.py": {"executed_lines": [1, 3, 5, 6, 7, 8, 9, 11, 12, 17, 18, 19, 21, 22, 23, 24, 25, 26, 27, 29, 30, 32, 35, 37, 38, 39, 40, 41, 44, 45, 47, 49, 51, 62, 64, 65], "summary": {"covered_lines": 34, "num_statements": 34, "percent_covered": 100.0, "percent_covered_display": "100.00", "missing_lines": 0, "excluded_lines": 2, "percent_statements_covered": 100.0, "percent_statements_covered_display": "100.00", "num_branches": 4, "num_partial_branches": 0, "covered_branches": 4, "missing_branches": 0, "percent_branches_covered": 100.0, "percent_branches_covered_display": "100.00"}, "missing_lines": [], "excluded_lines": [13, 14], "executed_branches": [[37, 38], [37, 39], [40, -35], [40, 41]], "missing_branches": [], "functions": {"Settings.has_cloud_llm": {"executed_lines": [32], "summary": {"covered_lines": 1, "num_statements": 1, "percent_covered": 100.0, "percent_covered_display": "100.00", "missing_lines": 0, "excluded_lines": 0, "percent_statements_covered": 100.0, "percent_statements_covered_display": "100.00", "num_branches": 0, "num_partial_branches": 0, "covered_branches": 0, "missing_branches": 0, "percent_branches_covered": 100.0, "percent_branches_covered_display": "100.00"}, "missing_lines": [], "excluded_lines": [], "executed_branches": [], "missing_branches": []}, "_load_env_file": {"executed_lines": [37, 38, 39, 40, 41], "summary": {"covered_lines": 5, "num_statements": 5, "percent_covered": 100.0, "percent_covered_display": "100.00", "missing_lines": 0, "excluded_lines": 0, "percent_statements_covered": 100.0, "percent_statements_covered_display": "100.00", "num_branches": 4, "num_partial_branches": 0, "covered_branches": 4, "missing_branches": 0, "percent_branches_covered": 100.0, "percent_branches_covered_display": "100.00"}, "missing_lines": [], "excluded_lines": [], "executed_branches": [[37, 38], [37, 39], [40, -35], [40, 41]], "missing_branches": []}, "get_settings": {"executed_lines": [47, 49, 51], "summary": {"covered_lines": 3, "num_statements": 3, "percent_covered": 100.0, "percent_covered_display": "100.00", "missing_lines": 0, "excluded_lines": 0, "percent_statements_covered": 100.0, "percent_statements_covered_display": "100.00", "num_branches": 0, "num_partial_branches": 0, "covered_branches": 0, "missing_branches": 0, "percent_branches_covered": 100.0, "percent_branches_covered_display": "100.00"}, "missing_lines": [], "excluded_lines": [], "executed_branches": [], "missing_branches": []}, "refresh_settings": {"executed_lines": [64, 65], "summary": {"covered_lines": 2, "num_statements": 2, "percent_covered": 100.0, "percent_covered_display": "100.00", "missing_lines": 0, "excluded_lines": 0, "percent_statements_covered": 100.0, "percent_statements_covered_display": "100.00", "num_branches": 0, "num_partial_branches": 0, "covered_branches": 0, "missing_branches": 0, "percent_branches_covered": 100.0, "percent_branches_covered_display": "100.00"}, "missing_lines": [], "excluded_lines": [], "executed_branches": [], "missing_branches": []}, "": {"executed_lines": [1, 3, 5, 6, 7, 8, 9, 11, 12, 17, 18, 19, 21, 22, 23, 24, 25, 26, 27, 29, 30, 35, 44, 45, 62], "summary": {"covered_lines": 23, "num_statements": 23, "percent_covered": 100.0, "percent_covered_display": "100.00", "missing_lines": 0, "excluded_lines": 2, "percent_statements_covered": 100.0, "percent_statements_covered_display": "100.00", "num_branches": 0, "num_partial_branches": 0, "covered_branches": 0, "missing_branches": 0, "percent_branches_covered": 100.0, "percent_branches_covered_display": "100.00"}, "missing_lines": [], "excluded_lines": [13, 14], "executed_branches": [], "missing_branches": []}}, "classes": {"Settings": {"executed_lines": [32], "summary": {"covered_lines": 1, "num_statements": 1, "percent_covered": 100.0, "percent_covered_display": "100.00", "missing_lines": 0, "excluded_lines": 0, "percent_statements_covered": 100.0, "percent_statements_covered_display": "100.00", "num_branches": 0, "num_partial_branches": 0, "covered_branches": 0, "missing_branches": 0, "percent_branches_covered": 100.0, "percent_branches_covered_display": "100.00"}, "missing_lines": [], "excluded_lines": [], "executed_branches": [], "missing_branches": []}, "": {"executed_lines": [1, 3, 5, 6, 7, 8, 9, 11, 12, 17, 18, 19, 21, 22, 23, 24, 25, 26, 27, 29, 30, 35, 37, 38, 39, 40, 41, 44, 45, 47, 49, 51, 62, 64, 65], "summary": {"covered_lines": 33, "num_statements": 33, "percent_covered": 100.0, "percent_covered_display": "100.00", "missing_lines": 0, "excluded_lines": 2, "percent_statements_covered": 100.0, "percent_statements_covered_display": "100.00", "num_branches": 4, "num_partial_branches": 0, "covered_branches": 4, "missing_branches": 0, "percent_branches_covered": 100.0, "percent_branches_covered_display": "100.00"}, "missing_lines": [], "excluded_lines": [13, 14], "executed_branches": [[37, 38], [37, 39], [40, -35], [40, 41]], "missing_branches": []}}}, "src\\utils\\config_validator.py": {"executed_lines": [1, 7, 8, 9, 10, 12, 15, 16, 17, 25, 26, 27, 28, 31, 37, 38, 39, 42, 43, 45, 47, 48, 50, 51, 53, 55, 57, 58, 62, 63, 65, 66, 70, 71, 72, 73, 75, 76, 77, 80, 81, 83, 84, 85, 87, 88, 93, 94, 95, 96, 97, 102, 104, 105, 106, 107, 112, 114, 115, 117, 120, 121, 122, 124, 125, 131, 132, 133, 134, 138, 139, 142, 143, 144, 145, 146, 147, 148, 149, 150, 151, 152, 154, 162, 168, 169, 170, 173, 174, 175, 178, 179, 180, 181, 184, 185, 186, 187, 188, 190, 192, 195, 200, 201, 203, 204, 205, 208, 209], "summary": {"covered_lines": 107, "num_statements": 107, "percent_covered": 100.0, "percent_covered_display": "100.00", "missing_lines": 0, "excluded_lines": 0, "percent_statements_covered": 100.0, "percent_statements_covered_display": "100.00", "num_branches": 50, "num_partial_branches": 0, "covered_branches": 50, "missing_branches": 0, "percent_branches_covered": 100.0, "percent_branches_covered_display": "100.00"}, "missing_lines": [], "excluded_lines": [], "executed_branches": [[45, 47], [45, 62], [50, 51], [50, 53], [57, 58], [57, 80], [65, 66], [65, 70], [70, 71], [70, 75], [72, 73], [72, 80], [76, 77], [76, 80], [83, 84], [83, 120], [87, 88], [87, 93], [94, 95], [94, 104], [96, 97], [96, 102], [104, 105], [104, 114], [106, 107], [106, 112], [114, 115], [114, 117], [121, 122], [121, 124], [133, 134], [133, 139], [144, 145], [144, 147], [147, 148], [147, 149], [174, 175], [174, 178], [178, 179], [178, 184], [180, 181], [180, 184], [184, 185], [184, 190], [186, 187], [186, 188], [203, 204], [203, 208], [208, -195], [208, 209]], "missing_branches": [], "functions": {"validate_config": {"executed_lines": [37, 38, 39, 42, 43, 45, 47, 48, 50, 51, 53, 55, 57, 58, 62, 63, 65, 66, 70, 71, 72, 73, 75, 76, 77, 80, 81, 83, 84, 85, 87, 88, 93, 94, 95, 96, 97, 102, 104, 105, 106, 107, 112, 114, 115, 117, 120, 121, 122, 124, 125, 131, 132, 133, 134, 138, 139, 142, 143, 144, 145, 146, 147, 148, 149, 150, 151, 152, 154], "summary": {"covered_lines": 69, "num_statements": 69, "percent_covered": 100.0, "percent_covered_display": "100.00", "missing_lines": 0, "excluded_lines": 0, "percent_statements_covered": 100.0, "percent_statements_covered_display": "100.00", "num_branches": 36, "num_partial_branches": 0, "covered_branches": 36, "missing_branches": 0, "percent_branches_covered": 100.0, "percent_branches_covered_display": "100.00"}, "missing_lines": [], "excluded_lines": [], "executed_branches": [[45, 47], [45, 62], [50, 51], [50, 53], [57, 58], [57, 80], [65, 66], [65, 70], [70, 71], [70, 75], [72, 73], [72, 80], [76, 77], [76, 80], [83, 84], [83, 120], [87, 88], [87, 93], [94, 95], [94, 104], [96, 97], [96, 102], [104, 105], [104, 114], [106, 107], [106, 112], [114, 115], [114, 117], [121, 122], [121, 124], [133, 134], [133, 139], [144, 145], [144, 147], [147, 148], [147, 149]], "missing_branches": []}, "print_validation_results": {"executed_lines": [168, 169, 170, 173, 174, 175, 178, 179, 180, 181, 184, 185, 186, 187, 188, 190, 192], "summary": {"covered_lines": 17, "num_statements": 17, "percent_covered": 100.0, "percent_covered_display": "100.00", "missing_lines": 0, "excluded_lines": 0, "percent_statements_covered": 100.0, "percent_statements_covered_display": "100.00", "num_branches": 10, "num_partial_branches": 0, "covered_branches": 10, "missing_branches": 0, "percent_branches_covered": 100.0, "percent_branches_covered_display": "100.00"}, "missing_lines": [], "excluded_lines": [], "executed_branches": [[174, 175], [174, 178], [178, 179], [178, 184], [180, 181], [180, 184], [184, 185], [184, 190], [186, 187], [186, 188]], "missing_branches": []}, "validate_and_exit_on_error": {"executed_lines": [200, 201, 203, 204, 205, 208, 209], "summary": {"covered_lines": 7, "num_statements": 7, "percent_covered": 100.0, "percent_covered_display": "100.00", "missing_lines": 0, "excluded_lines": 0, "percent_statements_covered": 100.0, "percent_statements_covered_display": "100.00", "num_branches": 4, "num_partial_branches": 0, "covered_branches": 4, "missing_branches": 0, "percent_branches_covered": 100.0, "percent_branches_covered_display": "100.00"}, "missing_lines": [], "excluded_lines": [], "executed_branches": [[203, 204], [203, 208], [208, -195], [208, 209]], "missing_branches": []}, "": {"executed_lines": [1, 7, 8, 9, 10, 12, 15, 16, 17, 25, 26, 27, 28, 31, 162, 195], "summary": {"covered_lines": 14, "num_statements": 14, "percent_covered": 100.0, "percent_covered_display": "100.00", "missing_lines": 0, "excluded_lines": 0, "percent_statements_covered": 100.0, "percent_statements_covered_display": "100.00", "num_branches": 0, "num_partial_branches": 0, "covered_branches": 0, "missing_branches": 0, "percent_branches_covered": 100.0, "percent_branches_covered_display": "100.00"}, "missing_lines": [], "excluded_lines": [], "executed_branches": [], "missing_branches": []}}, "classes": {"ValidationResult": {"executed_lines": [], "summary": {"covered_lines": 0, "num_statements": 0, "percent_covered": 100.0, "percent_covered_display": "100.00", "missing_lines": 0, "excluded_lines": 0, "percent_statements_covered": 100.0, "percent_statements_covered_display": "100.00", "num_branches": 0, "num_partial_branches": 0, "covered_branches": 0, "missing_branches": 0, "percent_branches_covered": 100.0, "percent_branches_covered_display": "100.00"}, "missing_lines": [], "excluded_lines": [], "executed_branches": [], "missing_branches": []}, "": {"executed_lines": [1, 7, 8, 9, 10, 12, 15, 16, 17, 25, 26, 27, 28, 31, 37, 38, 39, 42, 43, 45, 47, 48, 50, 51, 53, 55, 57, 58, 62, 63, 65, 66, 70, 71, 72, 73, 75, 76, 77, 80, 81, 83, 84, 85, 87, 88, 93, 94, 95, 96, 97, 102, 104, 105, 106, 107, 112, 114, 115, 117, 120, 121, 122, 124, 125, 131, 132, 133, 134, 138, 139, 142, 143, 144, 145, 146, 147, 148, 149, 150, 151, 152, 154, 162, 168, 169, 170, 173, 174, 175, 178, 179, 180, 181, 184, 185, 186, 187, 188, 190, 192, 195, 200, 201, 203, 204, 205, 208, 209], "summary": {"covered_lines": 107, "num_statements": 107, "percent_covered": 100.0, "percent_covered_display": "100.00", "missing_lines": 0, "excluded_lines": 0, "percent_statements_covered": 100.0, "percent_statements_covered_display": "100.00", "num_branches": 50, "num_partial_branches": 0, "covered_branches": 50, "missing_branches": 0, "percent_branches_covered": 100.0, "percent_branches_covered_display": "100.00"}, "missing_lines": [], "excluded_lines": [], "executed_branches": [[45, 47], [45, 62], [50, 51], [50, 53], [57, 58], [57, 80], [65, 66], [65, 70], [70, 71], [70, 75], [72, 73], [72, 80], [76, 77], [76, 80], [83, 84], [83, 120], [87, 88], [87, 93], [94, 95], [94, 104], [96, 97], [96, 102], [104, 105], [104, 114], [106, 107], [106, 112], [114, 115], [114, 117], [121, 122], [121, 124], [133, 134], [133, 139], [144, 145], [144, 147], [147, 148], [147, 149], [174, 175], [174, 178], [178, 179], [178, 184], [180, 181], [180, 184], [184, 185], [184, 190], [186, 187], [186, 188], [203, 204], [203, 208], [208, -195], [208, 209]], "missing_branches": []}}}, "src\\utils\\logger.py": {"executed_lines": [1, 3, 5, 6, 7, 9, 10, 13, 16, 17, 19, 20, 21, 24, 26, 27], "summary": {"covered_lines": 15, "num_statements": 15, "percent_covered": 100.0, "percent_covered_display": "100.00", "missing_lines": 0, "excluded_lines": 0, "percent_statements_covered": 100.0, "percent_statements_covered_display": "100.00", "num_branches": 2, "num_partial_branches": 0, "covered_branches": 2, "missing_branches": 0, "percent_branches_covered": 100.0, "percent_branches_covered_display": "100.00"}, "missing_lines": [], "excluded_lines": [], "executed_branches": [[16, 17], [16, 19]], "missing_branches": [], "functions": {"configure_logging": {"executed_lines": [16, 17, 19, 20, 21], "summary": {"covered_lines": 5, "num_statements": 5, "percent_covered": 100.0, "percent_covered_display": "100.00", "missing_lines": 0, "excluded_lines": 0, "percent_statements_covered": 100.0, "percent_statements_covered_display": "100.00", "num_branches": 2, "num_partial_branches": 0, "covered_branches": 2, "missing_branches": 0, "percent_branches_covered": 100.0, "percent_branches_covered_display": "100.00"}, "missing_lines": [], "excluded_lines": [], "executed_branches": [[16, 17], [16, 19]], "missing_branches": []}, "get_logger": {"executed_lines": [26, 27], "summary": {"covered_lines": 2, "num_statements": 2, "percent_covered": 100.0, "percent_covered_display": "100.00", "missing_lines": 0, "excluded_lines": 0, "percent_statements_covered": 100.0, "percent_statements_covered_display": "100.00", "num_branches": 0, "num_partial_branches": 0, "covered_branches": 0, "missing_branches": 0, "percent_branches_covered": 100.0, "percent_branches_covered_display": "100.00"}, "missing_lines": [], "excluded_lines": [], "executed_branches": [], "missing_branches": []}, "": {"executed_lines": [1, 3, 5, 6, 7, 9, 10, 13, 24], "summary": {"covered_lines": 8, "num_statements": 8, "percent_covered": 100.0, "percent_covered_display": "100.00", "missing_lines": 0, "excluded_lines": 0, "percent_statements_covered": 100.0, "percent_statements_covered_display": "100.00", "num_branches": 0, "num_partial_branches": 0, "covered_branches": 0, "missing_branches": 0, "percent_branches_covered": 100.0, "percent_branches_covered_display": "100.00"}, "missing_lines": [], "excluded_lines": [], "executed_branches": [], "missing_branches": []}}, "classes": {"": {"executed_lines": [1, 3, 5, 6, 7, 9, 10, 13, 16, 17, 19, 20, 21, 24, 26, 27], "summary": {"covered_lines": 15, "num_statements": 15, "percent_covered": 100.0, "percent_covered_display": "100.00", "missing_lines": 0, "excluded_lines": 0, "percent_statements_covered": 100.0, "percent_statements_covered_display": "100.00", "num_branches": 2, "num_partial_branches": 0, "covered_branches": 2, "missing_branches": 0, "percent_branches_covered": 100.0, "percent_branches_covered_display": "100.00"}, "missing_lines": [], "excluded_lines": [], "executed_branches": [[16, 17], [16, 19]], "missing_branches": []}}}}, "totals": {"covered_lines": 805, "num_statements": 1266, "percent_covered": 60.642317380352644, "percent_covered_display": "60.64", "missing_lines": 461, "excluded_lines": 15, "percent_statements_covered": 63.586097946287516, "percent_statements_covered_display": "63.59", "num_branches": 322, "num_partial_branches": 32, "covered_branches": 158, "missing_branches": 164, "percent_branches_covered": 49.06832298136646, "percent_branches_covered_display": "49.07"}}