============================= test session starts =============================
platform win32 -- Python 3.13.9, pytest-9.0.1, pluggy-1.6.0 -- C:\Users\ssund\OneDrive\MLPatrol\mlvenv\Scripts\python.exe
cachedir: .pytest_cache
rootdir: c:\Users\ssund\OneDrive\MLPatrol
plugins: anyio-4.11.0, langsmith-0.4.42, asyncio-1.3.0, cov-7.0.0, mock-3.15.1, timeout-2.4.0, xdist-3.8.0
asyncio: mode=Mode.STRICT, debug=False, asyncio_default_fixture_loop_scope=None, asyncio_default_test_loop_scope=function
collecting ... collected 42 items

tests/test_agent.py::TestQueryClassification::test_classify_cve_monitoring_query PASSED [  2%]
tests/test_agent.py::TestQueryClassification::test_classify_dataset_analysis_query PASSED [  4%]
tests/test_agent.py::TestQueryClassification::test_classify_code_generation_query PASSED [  7%]
tests/test_agent.py::TestQueryClassification::test_classify_general_security_query PASSED [  9%]
tests/test_agent.py::TestQueryClassification::test_classify_with_context PASSED [ 11%]
tests/test_agent.py::TestQueryClassification::test_classify_ambiguous_query_defaults_to_general PASSED [ 14%]
tests/test_agent.py::TestQueryClassification::test_classify_query_handles_llm_error PASSED [ 16%]
tests/test_agent.py::TestToolOrchestration::test_get_tool_info PASSED    [ 19%]
tests/test_agent.py::TestToolOrchestration::test_reasoning_step_creation PASSED [ 21%]
tests/test_agent.py::TestToolOrchestration::test_long_observation_truncated PASSED [ 23%]
tests/test_agent.py::TestToolOrchestration::test_confidence_clamped_to_valid_range PASSED [ 26%]
tests/test_agent.py::TestErrorHandling::test_validate_query_too_short PASSED [ 28%]
tests/test_agent.py::TestErrorHandling::test_validate_query_too_long PASSED [ 30%]
tests/test_agent.py::TestErrorHandling::test_validate_query_suspicious_script_tag PASSED [ 33%]
tests/test_agent.py::TestErrorHandling::test_validate_query_suspicious_javascript PASSED [ 35%]
tests/test_agent.py::TestErrorHandling::test_validate_query_suspicious_eval PASSED [ 38%]
tests/test_agent.py::TestErrorHandling::test_validate_query_valid PASSED [ 40%]
tests/test_agent.py::TestErrorHandling::test_initialization_without_llm_raises_error PASSED [ 42%]
tests/test_agent.py::TestEdgeCases::test_clear_history PASSED            [ 45%]
tests/test_agent.py::TestEdgeCases::test_agent_repr PASSED               [ 47%]
tests/test_agent.py::TestEdgeCases::test_agent_result_serialization PASSED [ 50%]
tests/test_agent.py::TestFactoryFunctions::test_create_mlpatrol_agent_with_claude PASSED [ 52%]
tests/test_agent.py::TestFactoryFunctions::test_create_mlpatrol_agent_with_gpt4 PASSED [ 54%]
tests/test_agent.py::TestFactoryFunctions::test_create_mlpatrol_agent_unsupported_model PASSED [ 57%]
tests/test_analyze_dataset_stat_tests.py::test_analyze_dataset_includes_stat_tests_and_dataset_summary PASSED [ 59%]
tests/test_analyze_dataset_stat_tests.py::test_analyze_dataset_stat_tests_values_shape PASSED [ 61%]
tests/test_dataset.py::TestDatasetAnalysis::test_analyze_csv_success PASSED [ 64%]
tests/test_dataset.py::TestDatasetAnalysis::test_analyze_json_success PASSED [ 66%]
tests/test_dataset.py::TestDatasetAnalysis::test_missing_numpy_handling PASSED [ 69%]
tests/test_dataset.py::TestDatasetAnalysis::test_invalid_file_path PASSED [ 71%]
tests/test_dataset.py::TestDatasetAnalysis::test_invalid_json PASSED     [ 73%]
tests/test_dataset.py::TestDatasetAnalysis::test_no_input_provided PASSED [ 76%]
tests/test_security.py::TestSecurityCodeGeneration::test_generate_basic_validation PASSED [ 78%]
tests/test_security.py::TestSecurityCodeGeneration::test_generate_cve_specific_code PASSED [ 80%]
tests/test_security.py::TestSecurityCodeGeneration::test_generate_with_affected_versions PASSED [ 83%]
tests/test_security.py::TestSecurityCodeGeneration::test_generate_error_handling PASSED [ 85%]
tests/test_statistical_tests.py::test_compute_z_scores_empty PASSED      [ 88%]
tests/test_statistical_tests.py::test_compute_z_scores_values PASSED     [ 90%]
tests/test_statistical_tests.py::test_detect_outliers_zscore PASSED      [ 92%]
tests/test_statistical_tests.py::test_ks_test_between_columns PASSED     [ 95%]
tests/test_statistical_tests.py::test_chi2_of_categorical PASSED         [ 97%]
tests/test_statistical_tests.py::test_dataset_summary PASSED             [100%]

============================= 42 passed in 1.73s ==============================
